INFO NioProcessor-2 org.apache.mina.filter.logging.LoggingFilter - CREATED
INFO NioProcessor-2 org.apache.mina.filter.logging.LoggingFilter - OPENED
INFO NioProcessor-2 org.apache.mina.filter.logging.LoggingFilter - SENT: 0
INFO NioProcessor-2 org.apache.mina.filter.logging.LoggingFilter - SENT: 1
INFO NioProcessor-2 org.apache.mina.filter.logging.LoggingFilter - SENT: 2
INFO NioProcessor-2 org.apache.mina.filter.logging.LoggingFilter - SENT: 3
INFO NioProcessor-2 org.apache.mina.filter.logging.LoggingFilter - SENT: 4
INFO NioProcessor-2 org.apache.mina.filter.logging.LoggingFilter - SENT: 5
INFO NioProcessor-2 org.apache.mina.filter.logging.LoggingFilter - SENT: 6
INFO NioProcessor-2 org.apache.mina.filter.logging.LoggingFilter - SENT: 7
INFO NioProcessor-2 org.apache.mina.filter.logging.LoggingFilter - SENT: 8
INFO NioProcessor-2 org.apache.mina.filter.logging.LoggingFilter - SENT: 9
INFO NioProcessor-2 org.apache.mina.filter.logging.LoggingFilter - CREATED
INFO NioProcessor-2 org.apache.mina.filter.logging.LoggingFilter - OPENED
INFO NioProcessor-2 org.apache.mina.filter.logging.LoggingFilter - SENT: 0
WARN NioProcessor-2 org.apache.mina.filter.logging.LoggingFilter - EXCEPTION :
org.apache.mina.core.write.WriteToClosedSessionException
	at org.apache.mina.core.polling.AbstractPollingIoProcessor.clearWriteRequestQueue(AbstractPollingIoProcessor.java:638)
	at org.apache.mina.core.polling.AbstractPollingIoProcessor.removeNow(AbstractPollingIoProcessor.java:590)
	at org.apache.mina.core.polling.AbstractPollingIoProcessor.removeSessions(AbstractPollingIoProcessor.java:560)
	at org.apache.mina.core.polling.AbstractPollingIoProcessor.access$800(AbstractPollingIoProcessor.java:67)
	at org.apache.mina.core.polling.AbstractPollingIoProcessor$Processor.run(AbstractPollingIoProcessor.java:1132)
	at org.apache.mina.util.NamePreservingRunnable.run(NamePreservingRunnable.java:64)
	at java.base/java.util.concurrent.ThreadPoolExecutor.runWorker(ThreadPoolExecutor.java:1128)
	at java.base/java.util.concurrent.ThreadPoolExecutor$Worker.run(ThreadPoolExecutor.java:628)
	at java.base/java.lang.Thread.run(Thread.java:829)
INFO NioProcessor-2 org.apache.mina.filter.logging.LoggingFilter - CLOSED
INFO NioProcessor-2 org.apache.mina.filter.logging.LoggingFilter - CREATED
INFO NioProcessor-2 org.apache.mina.filter.logging.LoggingFilter - OPENED
INFO NioProcessor-2 org.apache.mina.filter.logging.LoggingFilter - SENT: 0
INFO NioProcessor-2 org.apache.mina.filter.logging.LoggingFilter - SENT: 1
INFO NioProcessor-2 org.apache.mina.filter.logging.LoggingFilter - SENT: 2
INFO NioProcessor-2 org.apache.mina.filter.logging.LoggingFilter - SENT: 3
INFO NioProcessor-2 org.apache.mina.filter.logging.LoggingFilter - SENT: 4
INFO NioProcessor-2 org.apache.mina.filter.logging.LoggingFilter - SENT: 5
INFO NioProcessor-2 org.apache.mina.filter.logging.LoggingFilter - SENT: 6
INFO NioProcessor-2 org.apache.mina.filter.logging.LoggingFilter - SENT: 7
INFO NioProcessor-2 org.apache.mina.filter.logging.LoggingFilter - SENT: 8
INFO NioProcessor-2 org.apache.mina.filter.logging.LoggingFilter - SENT: 9
INFO NioProcessor-2 org.apache.mina.filter.logging.LoggingFilter - CLOSED
INFO NioProcessor-2 org.apache.mina.filter.logging.LoggingFilter - CREATED
INFO NioProcessor-2 org.apache.mina.filter.logging.LoggingFilter - OPENED
INFO NioProcessor-2 org.apache.mina.filter.logging.LoggingFilter - CREATED
INFO NioProcessor-2 org.apache.mina.filter.logging.LoggingFilter - OPENED
INFO NioProcessor-2 org.apache.mina.filter.logging.LoggingFilter - CREATED
INFO NioProcessor-2 org.apache.mina.filter.logging.LoggingFilter - OPENED
INFO NioProcessor-2 org.apache.mina.filter.logging.LoggingFilter - SENT: Ciaooo
INFO NioProcessor-2 org.apache.mina.filter.logging.LoggingFilter - CREATED
INFO NioProcessor-2 org.apache.mina.filter.logging.LoggingFilter - OPENED
INFO NioProcessor-2 org.apache.mina.filter.logging.LoggingFilter - SENT: Ciaooo
INFO NioProcessor-2 org.apache.mina.filter.logging.LoggingFilter - RECEIVED: Wed Jul 07 15:21:13 CEST 2021
INFO NioProcessor-2 org.apache.mina.filter.logging.LoggingFilter - CLOSED
INFO NioProcessor-2 org.apache.mina.filter.logging.LoggingFilter - CREATED
INFO NioProcessor-2 org.apache.mina.filter.logging.LoggingFilter - OPENED
INFO NioProcessor-2 org.apache.mina.filter.logging.LoggingFilter - SENT: datatypes.protocolmessages.LoginRequest@5034c75a
INFO NioProcessor-2 org.apache.mina.filter.logging.LoggingFilter - CREATED
INFO NioProcessor-2 org.apache.mina.filter.logging.LoggingFilter - OPENED
INFO NioProcessor-2 org.apache.mina.filter.logging.LoggingFilter - SENT: datatypes.protocolmessages.Packet@6d00a15d
INFO NioProcessor-2 org.apache.mina.filter.logging.LoggingFilter - RECEIVED: datatypes.protocolmessages.Packet@1540c735
INFO NioProcessor-2 org.apache.mina.filter.logging.LoggingFilter - CLOSED
INFO NioProcessor-2 org.apache.mina.filter.logging.LoggingFilter - CREATED
INFO NioProcessor-2 org.apache.mina.filter.logging.LoggingFilter - OPENED
INFO NioProcessor-2 org.apache.mina.filter.logging.LoggingFilter - SENT: datatypes.protocolmessages.LoginRequest@5034c75a
INFO NioProcessor-2 org.apache.mina.filter.logging.LoggingFilter - RECEIVED: datatypes.protocolmessages.LoginResponse@6cd8665b
INFO NioProcessor-2 org.apache.mina.filter.logging.LoggingFilter - CREATED
INFO NioProcessor-2 org.apache.mina.filter.logging.LoggingFilter - OPENED
INFO NioProcessor-2 org.apache.mina.filter.logging.LoggingFilter - CREATED
INFO NioProcessor-2 org.apache.mina.filter.logging.LoggingFilter - OPENED
INFO NioProcessor-2 org.apache.mina.filter.logging.LoggingFilter - CREATED
INFO NioProcessor-2 org.apache.mina.filter.logging.LoggingFilter - OPENED
INFO NioProcessor-2 org.apache.mina.filter.logging.LoggingFilter - CREATED
INFO NioProcessor-2 org.apache.mina.filter.logging.LoggingFilter - OPENED
INFO NioProcessor-2 org.apache.mina.filter.logging.LoggingFilter - CREATED
INFO NioProcessor-2 org.apache.mina.filter.logging.LoggingFilter - OPENED
INFO NioProcessor-2 org.apache.mina.filter.logging.LoggingFilter - CREATED
INFO NioProcessor-2 org.apache.mina.filter.logging.LoggingFilter - OPENED
INFO NioProcessor-2 org.apache.mina.filter.logging.LoggingFilter - CLOSED
INFO NioProcessor-2 org.apache.mina.filter.logging.LoggingFilter - CREATED
INFO NioProcessor-2 org.apache.mina.filter.logging.LoggingFilter - OPENED
INFO NioProcessor-2 org.apache.mina.filter.logging.LoggingFilter - SENT: datatypes.protocolmessages.LoginRequest@5034c75a
INFO NioProcessor-2 org.apache.mina.filter.logging.LoggingFilter - RECEIVED: datatypes.protocolmessages.LoginResponse@35875aa5
INFO NioProcessor-2 org.apache.mina.filter.logging.LoggingFilter - CLOSED
INFO NioProcessor-2 org.apache.mina.filter.logging.LoggingFilter - CREATED
INFO NioProcessor-2 org.apache.mina.filter.logging.LoggingFilter - OPENED
INFO NioProcessor-2 org.apache.mina.filter.logging.LoggingFilter - RECEIVED: datatypes.protocolmessages.LoginResponse@232a9ba5
INFO NioProcessor-2 org.apache.mina.filter.logging.LoggingFilter - SENT: datatypes.protocolmessages.LoginRequest@5034c75a
INFO NioProcessor-2 org.apache.mina.filter.logging.LoggingFilter - CREATED
INFO NioProcessor-2 org.apache.mina.filter.logging.LoggingFilter - OPENED
INFO NioProcessor-2 org.apache.mina.filter.logging.LoggingFilter - SENT: datatypes.protocolmessages.LoginRequest@5034c75a
INFO NioProcessor-2 org.apache.mina.filter.logging.LoggingFilter - RECEIVED: datatypes.protocolmessages.LoginResponse@14db2940
INFO NioProcessor-2 org.apache.mina.filter.logging.LoggingFilter - CREATED
INFO NioProcessor-2 org.apache.mina.filter.logging.LoggingFilter - OPENED
INFO NioProcessor-2 org.apache.mina.filter.logging.LoggingFilter - SENT: datatypes.protocolmessages.LoginRequest@5034c75a
INFO NioProcessor-2 org.apache.mina.filter.logging.LoggingFilter - RECEIVED: datatypes.protocolmessages.LoginResponse@6c9fc1a
INFO NioProcessor-2 org.apache.mina.filter.logging.LoggingFilter - CREATED
INFO NioProcessor-2 org.apache.mina.filter.logging.LoggingFilter - OPENED
INFO NioProcessor-2 org.apache.mina.filter.logging.LoggingFilter - SENT: datatypes.protocolmessages.LoginRequest@5034c75a
INFO NioProcessor-2 org.apache.mina.filter.logging.LoggingFilter - RECEIVED: datatypes.protocolmessages.LoginResponse@28ddd0dc
INFO NioProcessor-2 org.apache.mina.filter.logging.LoggingFilter - CREATED
INFO NioProcessor-2 org.apache.mina.filter.logging.LoggingFilter - OPENED
INFO NioProcessor-2 org.apache.mina.filter.logging.LoggingFilter - SENT: datatypes.protocolmessages.LoginRequest@396a51ab
INFO NioProcessor-2 org.apache.mina.filter.logging.LoggingFilter - RECEIVED: datatypes.protocolmessages.LoginResponse@1ff45705
INFO NioProcessor-2 org.apache.mina.filter.logging.LoggingFilter - CREATED
INFO NioProcessor-2 org.apache.mina.filter.logging.LoggingFilter - OPENED
INFO NioProcessor-2 org.apache.mina.filter.logging.LoggingFilter - SENT: datatypes.protocolmessages.LoginRequest@396a51ab
INFO NioProcessor-2 org.apache.mina.filter.logging.LoggingFilter - RECEIVED: datatypes.protocolmessages.LoginResponse@5f7368b0
INFO NioProcessor-2 org.apache.mina.filter.logging.LoggingFilter - CREATED
INFO NioProcessor-2 org.apache.mina.filter.logging.LoggingFilter - OPENED
INFO NioProcessor-2 org.apache.mina.filter.logging.LoggingFilter - RECEIVED: datatypes.protocolmessages.LoginResponse@6f8c1dd6
INFO NioProcessor-2 org.apache.mina.filter.logging.LoggingFilter - SENT: datatypes.protocolmessages.LoginRequest@396a51ab
INFO NioProcessor-2 org.apache.mina.filter.logging.LoggingFilter - CLOSED
INFO NioProcessor-2 org.apache.mina.filter.logging.LoggingFilter - CREATED
INFO NioProcessor-2 org.apache.mina.filter.logging.LoggingFilter - OPENED
INFO NioProcessor-2 org.apache.mina.filter.logging.LoggingFilter - CREATED
INFO NioProcessor-2 org.apache.mina.filter.logging.LoggingFilter - OPENED
INFO NioProcessor-2 org.apache.mina.filter.logging.LoggingFilter - CREATED
INFO NioProcessor-2 org.apache.mina.filter.logging.LoggingFilter - OPENED
INFO NioProcessor-2 org.apache.mina.filter.logging.LoggingFilter - CREATED
INFO NioProcessor-2 org.apache.mina.filter.logging.LoggingFilter - OPENED
INFO NioProcessor-2 org.apache.mina.filter.logging.LoggingFilter - SENT: datatypes.protocolmessages.LoginRequest@62ee68d8
INFO NioProcessor-2 org.apache.mina.filter.logging.LoggingFilter - RECEIVED: datatypes.protocolmessages.LoginResponse@77c172d3
WARN NioProcessor-2 org.apache.mina.filter.logging.LoggingFilter - EXCEPTION :
java.lang.NullPointerException
	at client.ClientConnectionHandler.messageReceived(ClientHandler.java:33)
	at org.apache.mina.core.filterchain.DefaultIoFilterChain$TailFilter.messageReceived(DefaultIoFilterChain.java:690)
	at org.apache.mina.core.filterchain.DefaultIoFilterChain.callNextMessageReceived(DefaultIoFilterChain.java:417)
	at org.apache.mina.core.filterchain.DefaultIoFilterChain.access$1200(DefaultIoFilterChain.java:47)
	at org.apache.mina.core.filterchain.DefaultIoFilterChain$EntryImpl$1.messageReceived(DefaultIoFilterChain.java:765)
	at org.apache.mina.filter.logging.LoggingFilter.messageReceived(LoggingFilter.java:208)
	at org.apache.mina.core.filterchain.DefaultIoFilterChain.callNextMessageReceived(DefaultIoFilterChain.java:417)
	at org.apache.mina.core.filterchain.DefaultIoFilterChain.access$1200(DefaultIoFilterChain.java:47)
	at org.apache.mina.core.filterchain.DefaultIoFilterChain$EntryImpl$1.messageReceived(DefaultIoFilterChain.java:765)
	at org.apache.mina.filter.codec.ProtocolCodecFilter$ProtocolDecoderOutputImpl.flush(ProtocolCodecFilter.java:407)
	at org.apache.mina.filter.codec.ProtocolCodecFilter.messageReceived(ProtocolCodecFilter.java:236)
	at org.apache.mina.core.filterchain.DefaultIoFilterChain.callNextMessageReceived(DefaultIoFilterChain.java:417)
	at org.apache.mina.core.filterchain.DefaultIoFilterChain.access$1200(DefaultIoFilterChain.java:47)
	at org.apache.mina.core.filterchain.DefaultIoFilterChain$EntryImpl$1.messageReceived(DefaultIoFilterChain.java:765)
	at org.apache.mina.core.filterchain.IoFilterAdapter.messageReceived(IoFilterAdapter.java:109)
	at org.apache.mina.core.filterchain.DefaultIoFilterChain.callNextMessageReceived(DefaultIoFilterChain.java:417)
	at org.apache.mina.core.filterchain.DefaultIoFilterChain.fireMessageReceived(DefaultIoFilterChain.java:410)
	at org.apache.mina.core.polling.AbstractPollingIoProcessor.read(AbstractPollingIoProcessor.java:710)
	at org.apache.mina.core.polling.AbstractPollingIoProcessor.process(AbstractPollingIoProcessor.java:664)
	at org.apache.mina.core.polling.AbstractPollingIoProcessor.process(AbstractPollingIoProcessor.java:653)
	at org.apache.mina.core.polling.AbstractPollingIoProcessor.access$600(AbstractPollingIoProcessor.java:67)
	at org.apache.mina.core.polling.AbstractPollingIoProcessor$Processor.run(AbstractPollingIoProcessor.java:1124)
	at org.apache.mina.util.NamePreservingRunnable.run(NamePreservingRunnable.java:64)
	at java.base/java.util.concurrent.ThreadPoolExecutor.runWorker(ThreadPoolExecutor.java:1128)
	at java.base/java.util.concurrent.ThreadPoolExecutor$Worker.run(ThreadPoolExecutor.java:628)
	at java.base/java.lang.Thread.run(Thread.java:829)
INFO NioProcessor-2 org.apache.mina.filter.logging.LoggingFilter - CREATED
INFO NioProcessor-2 org.apache.mina.filter.logging.LoggingFilter - OPENED
INFO NioProcessor-2 org.apache.mina.filter.logging.LoggingFilter - SENT: datatypes.protocolmessages.LoginRequest@5b275dab
INFO NioProcessor-2 org.apache.mina.filter.logging.LoggingFilter - RECEIVED: datatypes.protocolmessages.LoginResponse@6be9f805
INFO NioProcessor-2 org.apache.mina.filter.logging.LoggingFilter - CREATED
INFO NioProcessor-2 org.apache.mina.filter.logging.LoggingFilter - OPENED
INFO NioProcessor-2 org.apache.mina.filter.logging.LoggingFilter - SENT: datatypes.protocolmessages.LoginRequest@62ee68d8
INFO NioProcessor-2 org.apache.mina.filter.logging.LoggingFilter - RECEIVED: datatypes.protocolmessages.LoginResponse@6cd9ae6f
INFO NioProcessor-2 org.apache.mina.filter.logging.LoggingFilter - CREATED
INFO NioProcessor-2 org.apache.mina.filter.logging.LoggingFilter - OPENED
INFO NioProcessor-2 org.apache.mina.filter.logging.LoggingFilter - SENT: datatypes.protocolmessages.LoginRequest@5b275dab
INFO NioProcessor-2 org.apache.mina.filter.logging.LoggingFilter - RECEIVED: datatypes.protocolmessages.LoginResponse@337c12d9
INFO NioProcessor-2 org.apache.mina.filter.logging.LoggingFilter - CREATED
INFO NioProcessor-2 org.apache.mina.filter.logging.LoggingFilter - OPENED
INFO NioProcessor-2 org.apache.mina.filter.logging.LoggingFilter - SENT: datatypes.protocolmessages.LoginRequest@62ee68d8
INFO NioProcessor-2 org.apache.mina.filter.logging.LoggingFilter - RECEIVED: datatypes.protocolmessages.LoginResponse@6b7ae419
WARN NioProcessor-2 org.apache.mina.filter.logging.LoggingFilter - EXCEPTION :
java.lang.NullPointerException
	at client.ClientConnectionHandler.messageReceived(ClientHandler.java:34)
	at org.apache.mina.core.filterchain.DefaultIoFilterChain$TailFilter.messageReceived(DefaultIoFilterChain.java:690)
	at org.apache.mina.core.filterchain.DefaultIoFilterChain.callNextMessageReceived(DefaultIoFilterChain.java:417)
	at org.apache.mina.core.filterchain.DefaultIoFilterChain.access$1200(DefaultIoFilterChain.java:47)
	at org.apache.mina.core.filterchain.DefaultIoFilterChain$EntryImpl$1.messageReceived(DefaultIoFilterChain.java:765)
	at org.apache.mina.filter.logging.LoggingFilter.messageReceived(LoggingFilter.java:208)
	at org.apache.mina.core.filterchain.DefaultIoFilterChain.callNextMessageReceived(DefaultIoFilterChain.java:417)
	at org.apache.mina.core.filterchain.DefaultIoFilterChain.access$1200(DefaultIoFilterChain.java:47)
	at org.apache.mina.core.filterchain.DefaultIoFilterChain$EntryImpl$1.messageReceived(DefaultIoFilterChain.java:765)
	at org.apache.mina.filter.codec.ProtocolCodecFilter$ProtocolDecoderOutputImpl.flush(ProtocolCodecFilter.java:407)
	at org.apache.mina.filter.codec.ProtocolCodecFilter.messageReceived(ProtocolCodecFilter.java:236)
	at org.apache.mina.core.filterchain.DefaultIoFilterChain.callNextMessageReceived(DefaultIoFilterChain.java:417)
	at org.apache.mina.core.filterchain.DefaultIoFilterChain.access$1200(DefaultIoFilterChain.java:47)
	at org.apache.mina.core.filterchain.DefaultIoFilterChain$EntryImpl$1.messageReceived(DefaultIoFilterChain.java:765)
	at org.apache.mina.core.filterchain.IoFilterAdapter.messageReceived(IoFilterAdapter.java:109)
	at org.apache.mina.core.filterchain.DefaultIoFilterChain.callNextMessageReceived(DefaultIoFilterChain.java:417)
	at org.apache.mina.core.filterchain.DefaultIoFilterChain.fireMessageReceived(DefaultIoFilterChain.java:410)
	at org.apache.mina.core.polling.AbstractPollingIoProcessor.read(AbstractPollingIoProcessor.java:710)
	at org.apache.mina.core.polling.AbstractPollingIoProcessor.process(AbstractPollingIoProcessor.java:664)
	at org.apache.mina.core.polling.AbstractPollingIoProcessor.process(AbstractPollingIoProcessor.java:653)
	at org.apache.mina.core.polling.AbstractPollingIoProcessor.access$600(AbstractPollingIoProcessor.java:67)
	at org.apache.mina.core.polling.AbstractPollingIoProcessor$Processor.run(AbstractPollingIoProcessor.java:1124)
	at org.apache.mina.util.NamePreservingRunnable.run(NamePreservingRunnable.java:64)
	at java.base/java.util.concurrent.ThreadPoolExecutor.runWorker(ThreadPoolExecutor.java:1128)
	at java.base/java.util.concurrent.ThreadPoolExecutor$Worker.run(ThreadPoolExecutor.java:628)
	at java.base/java.lang.Thread.run(Thread.java:829)
INFO NioProcessor-2 org.apache.mina.filter.logging.LoggingFilter - CREATED
INFO NioProcessor-2 org.apache.mina.filter.logging.LoggingFilter - OPENED
INFO NioProcessor-2 org.apache.mina.filter.logging.LoggingFilter - SENT: datatypes.protocolmessages.LoginRequest@5b275dab
INFO NioProcessor-2 org.apache.mina.filter.logging.LoggingFilter - RECEIVED: datatypes.protocolmessages.LoginResponse@4b617241
WARN NioProcessor-2 org.apache.mina.filter.logging.LoggingFilter - EXCEPTION :
java.lang.NullPointerException
	at client.ClientConnectionHandler.messageReceived(ClientHandler.java:34)
	at org.apache.mina.core.filterchain.DefaultIoFilterChain$TailFilter.messageReceived(DefaultIoFilterChain.java:690)
	at org.apache.mina.core.filterchain.DefaultIoFilterChain.callNextMessageReceived(DefaultIoFilterChain.java:417)
	at org.apache.mina.core.filterchain.DefaultIoFilterChain.access$1200(DefaultIoFilterChain.java:47)
	at org.apache.mina.core.filterchain.DefaultIoFilterChain$EntryImpl$1.messageReceived(DefaultIoFilterChain.java:765)
	at org.apache.mina.filter.logging.LoggingFilter.messageReceived(LoggingFilter.java:208)
	at org.apache.mina.core.filterchain.DefaultIoFilterChain.callNextMessageReceived(DefaultIoFilterChain.java:417)
	at org.apache.mina.core.filterchain.DefaultIoFilterChain.access$1200(DefaultIoFilterChain.java:47)
	at org.apache.mina.core.filterchain.DefaultIoFilterChain$EntryImpl$1.messageReceived(DefaultIoFilterChain.java:765)
	at org.apache.mina.filter.codec.ProtocolCodecFilter$ProtocolDecoderOutputImpl.flush(ProtocolCodecFilter.java:407)
	at org.apache.mina.filter.codec.ProtocolCodecFilter.messageReceived(ProtocolCodecFilter.java:236)
	at org.apache.mina.core.filterchain.DefaultIoFilterChain.callNextMessageReceived(DefaultIoFilterChain.java:417)
	at org.apache.mina.core.filterchain.DefaultIoFilterChain.access$1200(DefaultIoFilterChain.java:47)
	at org.apache.mina.core.filterchain.DefaultIoFilterChain$EntryImpl$1.messageReceived(DefaultIoFilterChain.java:765)
	at org.apache.mina.core.filterchain.IoFilterAdapter.messageReceived(IoFilterAdapter.java:109)
	at org.apache.mina.core.filterchain.DefaultIoFilterChain.callNextMessageReceived(DefaultIoFilterChain.java:417)
	at org.apache.mina.core.filterchain.DefaultIoFilterChain.fireMessageReceived(DefaultIoFilterChain.java:410)
	at org.apache.mina.core.polling.AbstractPollingIoProcessor.read(AbstractPollingIoProcessor.java:710)
	at org.apache.mina.core.polling.AbstractPollingIoProcessor.process(AbstractPollingIoProcessor.java:664)
	at org.apache.mina.core.polling.AbstractPollingIoProcessor.process(AbstractPollingIoProcessor.java:653)
	at org.apache.mina.core.polling.AbstractPollingIoProcessor.access$600(AbstractPollingIoProcessor.java:67)
	at org.apache.mina.core.polling.AbstractPollingIoProcessor$Processor.run(AbstractPollingIoProcessor.java:1124)
	at org.apache.mina.util.NamePreservingRunnable.run(NamePreservingRunnable.java:64)
	at java.base/java.util.concurrent.ThreadPoolExecutor.runWorker(ThreadPoolExecutor.java:1128)
	at java.base/java.util.concurrent.ThreadPoolExecutor$Worker.run(ThreadPoolExecutor.java:628)
	at java.base/java.lang.Thread.run(Thread.java:829)
INFO NioProcessor-2 org.apache.mina.filter.logging.LoggingFilter - CREATED
INFO NioProcessor-2 org.apache.mina.filter.logging.LoggingFilter - OPENED
INFO NioProcessor-2 org.apache.mina.filter.logging.LoggingFilter - SENT: datatypes.protocolmessages.LoginRequest@7f9a81e8
INFO NioProcessor-2 org.apache.mina.filter.logging.LoggingFilter - RECEIVED: datatypes.protocolmessages.LoginResponse@77af63b9
INFO NioProcessor-2 org.apache.mina.filter.logging.LoggingFilter - CREATED
INFO NioProcessor-2 org.apache.mina.filter.logging.LoggingFilter - OPENED
INFO NioProcessor-2 org.apache.mina.filter.logging.LoggingFilter - SENT: datatypes.protocolmessages.LoginRequest@7f9a81e8
INFO NioProcessor-2 org.apache.mina.filter.logging.LoggingFilter - RECEIVED: datatypes.protocolmessages.LoginResponse@77af63b9
INFO NioProcessor-2 org.apache.mina.filter.logging.LoggingFilter - RECEIVED: datatypes.protocolmessages.LoginRequest@2719af37
WARN NioProcessor-2 org.apache.mina.filter.logging.LoggingFilter - EXCEPTION :
java.lang.NullPointerException
	at client.ClientConnectionHandler.messageReceived(ClientHandler.java:34)
	at org.apache.mina.core.filterchain.DefaultIoFilterChain$TailFilter.messageReceived(DefaultIoFilterChain.java:690)
	at org.apache.mina.core.filterchain.DefaultIoFilterChain.callNextMessageReceived(DefaultIoFilterChain.java:417)
	at org.apache.mina.core.filterchain.DefaultIoFilterChain.access$1200(DefaultIoFilterChain.java:47)
	at org.apache.mina.core.filterchain.DefaultIoFilterChain$EntryImpl$1.messageReceived(DefaultIoFilterChain.java:765)
	at org.apache.mina.filter.logging.LoggingFilter.messageReceived(LoggingFilter.java:208)
	at org.apache.mina.core.filterchain.DefaultIoFilterChain.callNextMessageReceived(DefaultIoFilterChain.java:417)
	at org.apache.mina.core.filterchain.DefaultIoFilterChain.access$1200(DefaultIoFilterChain.java:47)
	at org.apache.mina.core.filterchain.DefaultIoFilterChain$EntryImpl$1.messageReceived(DefaultIoFilterChain.java:765)
	at org.apache.mina.filter.codec.ProtocolCodecFilter$ProtocolDecoderOutputImpl.flush(ProtocolCodecFilter.java:407)
	at org.apache.mina.filter.codec.ProtocolCodecFilter.messageReceived(ProtocolCodecFilter.java:236)
	at org.apache.mina.core.filterchain.DefaultIoFilterChain.callNextMessageReceived(DefaultIoFilterChain.java:417)
	at org.apache.mina.core.filterchain.DefaultIoFilterChain.access$1200(DefaultIoFilterChain.java:47)
	at org.apache.mina.core.filterchain.DefaultIoFilterChain$EntryImpl$1.messageReceived(DefaultIoFilterChain.java:765)
	at org.apache.mina.core.filterchain.IoFilterAdapter.messageReceived(IoFilterAdapter.java:109)
	at org.apache.mina.core.filterchain.DefaultIoFilterChain.callNextMessageReceived(DefaultIoFilterChain.java:417)
	at org.apache.mina.core.filterchain.DefaultIoFilterChain.fireMessageReceived(DefaultIoFilterChain.java:410)
	at org.apache.mina.core.polling.AbstractPollingIoProcessor.read(AbstractPollingIoProcessor.java:710)
	at org.apache.mina.core.polling.AbstractPollingIoProcessor.process(AbstractPollingIoProcessor.java:664)
	at org.apache.mina.core.polling.AbstractPollingIoProcessor.process(AbstractPollingIoProcessor.java:653)
	at org.apache.mina.core.polling.AbstractPollingIoProcessor.access$600(AbstractPollingIoProcessor.java:67)
	at org.apache.mina.core.polling.AbstractPollingIoProcessor$Processor.run(AbstractPollingIoProcessor.java:1124)
	at org.apache.mina.util.NamePreservingRunnable.run(NamePreservingRunnable.java:64)
	at java.base/java.util.concurrent.ThreadPoolExecutor.runWorker(ThreadPoolExecutor.java:1128)
	at java.base/java.util.concurrent.ThreadPoolExecutor$Worker.run(ThreadPoolExecutor.java:628)
	at java.base/java.lang.Thread.run(Thread.java:829)
INFO NioProcessor-2 org.apache.mina.filter.logging.LoggingFilter - CREATED
INFO NioProcessor-2 org.apache.mina.filter.logging.LoggingFilter - OPENED
INFO NioProcessor-2 org.apache.mina.filter.logging.LoggingFilter - SENT: datatypes.protocolmessages.LoginRequest@7f9a81e8
INFO NioProcessor-2 org.apache.mina.filter.logging.LoggingFilter - RECEIVED: datatypes.protocolmessages.LoginResponse@77af63b9
INFO NioProcessor-2 org.apache.mina.filter.logging.LoggingFilter - RECEIVED: datatypes.protocolmessages.LoginRequest@5f7368b0
INFO NioProcessor-2 org.apache.mina.filter.logging.LoggingFilter - CREATED
INFO NioProcessor-2 org.apache.mina.filter.logging.LoggingFilter - OPENED
INFO NioProcessor-2 org.apache.mina.filter.logging.LoggingFilter - SENT: datatypes.protocolmessages.LoginRequest@7f9a81e8
INFO NioProcessor-2 org.apache.mina.filter.logging.LoggingFilter - RECEIVED: datatypes.protocolmessages.LoginResponse@3dea3597
INFO NioProcessor-2 org.apache.mina.filter.logging.LoggingFilter - RECEIVED: datatypes.protocolmessages.LoginRequest@65c2400a
INFO NioProcessor-2 org.apache.mina.filter.logging.LoggingFilter - CREATED
INFO NioProcessor-2 org.apache.mina.filter.logging.LoggingFilter - OPENED
INFO NioProcessor-2 org.apache.mina.filter.logging.LoggingFilter - SENT: datatypes.protocolmessages.LoginRequest@7f9a81e8
INFO NioProcessor-2 org.apache.mina.filter.logging.LoggingFilter - CLOSED
INFO NioProcessor-2 org.apache.mina.filter.logging.LoggingFilter - CREATED
INFO NioProcessor-2 org.apache.mina.filter.logging.LoggingFilter - OPENED
INFO NioProcessor-2 org.apache.mina.filter.logging.LoggingFilter - SENT: datatypes.protocolmessages.LoginRequest@735b5592
INFO NioProcessor-2 org.apache.mina.filter.logging.LoggingFilter - CLOSED
INFO NioProcessor-2 org.apache.mina.filter.logging.LoggingFilter - CREATED
INFO NioProcessor-2 org.apache.mina.filter.logging.LoggingFilter - OPENED
INFO NioProcessor-2 org.apache.mina.filter.logging.LoggingFilter - SENT: datatypes.protocolmessages.LoginRequest@735b5592
INFO NioProcessor-2 org.apache.mina.filter.logging.LoggingFilter - CLOSED
INFO NioProcessor-2 org.apache.mina.filter.logging.LoggingFilter - CREATED
INFO NioProcessor-2 org.apache.mina.filter.logging.LoggingFilter - OPENED
INFO NioProcessor-2 org.apache.mina.filter.logging.LoggingFilter - SENT: datatypes.protocolmessages.LoginRequest@735b5592
INFO NioProcessor-2 org.apache.mina.filter.logging.LoggingFilter - CLOSED
INFO NioProcessor-2 org.apache.mina.filter.logging.LoggingFilter - CREATED
INFO NioProcessor-2 org.apache.mina.filter.logging.LoggingFilter - OPENED
INFO NioProcessor-2 org.apache.mina.filter.logging.LoggingFilter - SENT: datatypes.protocolmessages.LoginRequest@735b5592
INFO NioProcessor-2 org.apache.mina.filter.logging.LoggingFilter - RECEIVED: datatypes.protocolmessages.LoginResponse@34ce4767
INFO NioProcessor-2 org.apache.mina.filter.logging.LoggingFilter - RECEIVED: datatypes.protocolmessages.LoginRequest@2c497798
INFO NioProcessor-2 org.apache.mina.filter.logging.LoggingFilter - CREATED
INFO NioProcessor-2 org.apache.mina.filter.logging.LoggingFilter - OPENED
INFO NioProcessor-2 org.apache.mina.filter.logging.LoggingFilter - SENT: datatypes.protocolmessages.LoginRequest@735b5592
INFO NioProcessor-2 org.apache.mina.filter.logging.LoggingFilter - RECEIVED: datatypes.protocolmessages.LoginResponse@4809036b
INFO NioProcessor-2 org.apache.mina.filter.logging.LoggingFilter - RECEIVED: datatypes.protocolmessages.LoginRequest@63dd020c
INFO NioProcessor-2 org.apache.mina.filter.logging.LoggingFilter - CREATED
INFO NioProcessor-2 org.apache.mina.filter.logging.LoggingFilter - OPENED
INFO NioProcessor-2 org.apache.mina.filter.logging.LoggingFilter - SENT: datatypes.protocolmessages.RegistrationCVRequest@7c98f24b
INFO NioProcessor-2 org.apache.mina.filter.logging.LoggingFilter - RECEIVED: datatypes.protocolmessages.RegistrationCVResponse@935c37c
INFO NioProcessor-2 org.apache.mina.filter.logging.LoggingFilter - CREATED
INFO NioProcessor-2 org.apache.mina.filter.logging.LoggingFilter - OPENED
INFO NioProcessor-2 org.apache.mina.filter.logging.LoggingFilter - SENT: datatypes.protocolmessages.RegistrationCVRequest@1b72ee31
INFO NioProcessor-2 org.apache.mina.filter.logging.LoggingFilter - SENT: datatypes.protocolmessages.RegistrationVaccinatedRequest@3988d86
INFO NioProcessor-2 org.apache.mina.filter.logging.LoggingFilter - CREATED
INFO NioProcessor-2 org.apache.mina.filter.logging.LoggingFilter - OPENED
INFO NioProcessor-2 org.apache.mina.filter.logging.LoggingFilter - SENT: datatypes.protocolmessages.RegistrationCVRequest@34910d37
INFO NioProcessor-2 org.apache.mina.filter.logging.LoggingFilter - SENT: datatypes.protocolmessages.RegistrationVaccinatedRequest@5046b16f
INFO NioProcessor-2 org.apache.mina.filter.logging.LoggingFilter - CREATED
INFO NioProcessor-2 org.apache.mina.filter.logging.LoggingFilter - OPENED
INFO NioProcessor-2 org.apache.mina.filter.logging.LoggingFilter - SENT: datatypes.protocolmessages.RegistrationCVRequest@265bd518
INFO NioProcessor-2 org.apache.mina.filter.logging.LoggingFilter - SENT: datatypes.protocolmessages.RegistrationVaccinatedRequest@352c4af
INFO NioProcessor-2 org.apache.mina.filter.logging.LoggingFilter - RECEIVED: datatypes.protocolmessages.RegistrationCVResponse@46c0a8d6
INFO NioProcessor-2 org.apache.mina.filter.logging.LoggingFilter - CLOSED
INFO NioProcessor-2 org.apache.mina.filter.logging.LoggingFilter - CREATED
INFO NioProcessor-2 org.apache.mina.filter.logging.LoggingFilter - OPENED
INFO NioProcessor-2 org.apache.mina.filter.logging.LoggingFilter - SENT: datatypes.protocolmessages.RegistrationCVRequest@2ce4572a
INFO NioProcessor-2 org.apache.mina.filter.logging.LoggingFilter - SENT: datatypes.protocolmessages.RegistrationVaccinatedRequest@7a445d84
INFO NioProcessor-2 org.apache.mina.filter.logging.LoggingFilter - RECEIVED: datatypes.protocolmessages.RegistrationCVResponse@3da066f1
INFO NioProcessor-2 org.apache.mina.filter.logging.LoggingFilter - RECEIVED: datatypes.protocolmessages.RegistrationVaccinatedResponse@234e0cd5
INFO NioProcessor-2 org.apache.mina.filter.logging.LoggingFilter - CREATED
INFO NioProcessor-2 org.apache.mina.filter.logging.LoggingFilter - OPENED
INFO NioProcessor-2 org.apache.mina.filter.logging.LoggingFilter - SENT: datatypes.protocolmessages.RegistrationCVRequest@513c0213
INFO NioProcessor-2 org.apache.mina.filter.logging.LoggingFilter - RECEIVED: datatypes.protocolmessages.RegistrationCVResponse@326043dd
INFO NioProcessor-2 org.apache.mina.filter.logging.LoggingFilter - SENT: datatypes.protocolmessages.RegistrationVaccinatedRequest@23412c53
INFO NioProcessor-2 org.apache.mina.filter.logging.LoggingFilter - RECEIVED: datatypes.protocolmessages.RegistrationVaccinatedResponse@7f13f1c7
INFO NioProcessor-2 org.apache.mina.filter.logging.LoggingFilter - CREATED
INFO NioProcessor-2 org.apache.mina.filter.logging.LoggingFilter - OPENED
INFO NioProcessor-2 org.apache.mina.filter.logging.LoggingFilter - SENT: datatypes.protocolmessages.RegistrationVaccinatedRequest@1827e136
INFO NioProcessor-2 org.apache.mina.filter.logging.LoggingFilter - RECEIVED: datatypes.protocolmessages.RegistrationVaccinatedResponse@46c0a8d6
INFO NioProcessor-2 org.apache.mina.filter.logging.LoggingFilter - CREATED
INFO NioProcessor-2 org.apache.mina.filter.logging.LoggingFilter - OPENED
INFO NioProcessor-2 org.apache.mina.filter.logging.LoggingFilter - SENT: datatypes.protocolmessages.RegistrationEVRequest@eaf915c
INFO NioProcessor-2 org.apache.mina.filter.logging.LoggingFilter - CLOSED
INFO NioProcessor-2 org.apache.mina.filter.logging.LoggingFilter - CREATED
INFO NioProcessor-2 org.apache.mina.filter.logging.LoggingFilter - OPENED
INFO NioProcessor-2 org.apache.mina.filter.logging.LoggingFilter - SENT: datatypes.protocolmessages.RegistrationEVRequest@7ab40393
INFO NioProcessor-2 org.apache.mina.filter.logging.LoggingFilter - CLOSED
INFO NioProcessor-2 org.apache.mina.filter.logging.LoggingFilter - CREATED
INFO NioProcessor-2 org.apache.mina.filter.logging.LoggingFilter - OPENED
INFO NioProcessor-2 org.apache.mina.filter.logging.LoggingFilter - SENT: datatypes.protocolmessages.RegistrationEVRequest@60c337db
INFO NioProcessor-2 org.apache.mina.filter.logging.LoggingFilter - CLOSED
INFO NioProcessor-2 org.apache.mina.filter.logging.LoggingFilter - CREATED
INFO NioProcessor-2 org.apache.mina.filter.logging.LoggingFilter - OPENED
INFO NioProcessor-2 org.apache.mina.filter.logging.LoggingFilter - SENT: datatypes.protocolmessages.RegistrationEVRequest@1a83f4c4
INFO NioProcessor-2 org.apache.mina.filter.logging.LoggingFilter - CLOSED
INFO NioProcessor-2 org.apache.mina.filter.logging.LoggingFilter - CREATED
INFO NioProcessor-2 org.apache.mina.filter.logging.LoggingFilter - OPENED
INFO NioProcessor-2 org.apache.mina.filter.logging.LoggingFilter - SENT: datatypes.protocolmessages.RegistrationEVRequest@1a83f4c4
INFO NioProcessor-2 org.apache.mina.filter.logging.LoggingFilter - RECEIVED: datatypes.protocolmessages.RegistrationEVResponse@1779d43e
WARN NioProcessor-2 org.apache.mina.filter.logging.LoggingFilter - EXCEPTION :
java.lang.NullPointerException
	at java.base/java.util.concurrent.ConcurrentHashMap.get(ConcurrentHashMap.java:936)
	at client.ClientConnectionHandler.messageReceived(ClientConnectionHandler.java:34)
	at org.apache.mina.core.filterchain.DefaultIoFilterChain$TailFilter.messageReceived(DefaultIoFilterChain.java:690)
	at org.apache.mina.core.filterchain.DefaultIoFilterChain.callNextMessageReceived(DefaultIoFilterChain.java:417)
	at org.apache.mina.core.filterchain.DefaultIoFilterChain.access$1200(DefaultIoFilterChain.java:47)
	at org.apache.mina.core.filterchain.DefaultIoFilterChain$EntryImpl$1.messageReceived(DefaultIoFilterChain.java:765)
	at org.apache.mina.filter.logging.LoggingFilter.messageReceived(LoggingFilter.java:208)
	at org.apache.mina.core.filterchain.DefaultIoFilterChain.callNextMessageReceived(DefaultIoFilterChain.java:417)
	at org.apache.mina.core.filterchain.DefaultIoFilterChain.access$1200(DefaultIoFilterChain.java:47)
	at org.apache.mina.core.filterchain.DefaultIoFilterChain$EntryImpl$1.messageReceived(DefaultIoFilterChain.java:765)
	at org.apache.mina.filter.codec.ProtocolCodecFilter$ProtocolDecoderOutputImpl.flush(ProtocolCodecFilter.java:407)
	at org.apache.mina.filter.codec.ProtocolCodecFilter.messageReceived(ProtocolCodecFilter.java:236)
	at org.apache.mina.core.filterchain.DefaultIoFilterChain.callNextMessageReceived(DefaultIoFilterChain.java:417)
	at org.apache.mina.core.filterchain.DefaultIoFilterChain.access$1200(DefaultIoFilterChain.java:47)
	at org.apache.mina.core.filterchain.DefaultIoFilterChain$EntryImpl$1.messageReceived(DefaultIoFilterChain.java:765)
	at org.apache.mina.core.filterchain.IoFilterAdapter.messageReceived(IoFilterAdapter.java:109)
	at org.apache.mina.core.filterchain.DefaultIoFilterChain.callNextMessageReceived(DefaultIoFilterChain.java:417)
	at org.apache.mina.core.filterchain.DefaultIoFilterChain.fireMessageReceived(DefaultIoFilterChain.java:410)
	at org.apache.mina.core.polling.AbstractPollingIoProcessor.read(AbstractPollingIoProcessor.java:710)
	at org.apache.mina.core.polling.AbstractPollingIoProcessor.process(AbstractPollingIoProcessor.java:664)
	at org.apache.mina.core.polling.AbstractPollingIoProcessor.process(AbstractPollingIoProcessor.java:653)
	at org.apache.mina.core.polling.AbstractPollingIoProcessor.access$600(AbstractPollingIoProcessor.java:67)
	at org.apache.mina.core.polling.AbstractPollingIoProcessor$Processor.run(AbstractPollingIoProcessor.java:1124)
	at org.apache.mina.util.NamePreservingRunnable.run(NamePreservingRunnable.java:64)
	at java.base/java.util.concurrent.ThreadPoolExecutor.runWorker(ThreadPoolExecutor.java:1128)
	at java.base/java.util.concurrent.ThreadPoolExecutor$Worker.run(ThreadPoolExecutor.java:628)
	at java.base/java.lang.Thread.run(Thread.java:829)
INFO NioProcessor-2 org.apache.mina.filter.logging.LoggingFilter - CREATED
INFO NioProcessor-2 org.apache.mina.filter.logging.LoggingFilter - OPENED
INFO NioProcessor-2 org.apache.mina.filter.logging.LoggingFilter - SENT: datatypes.protocolmessages.RegistrationEVRequest@7ab40393
INFO NioProcessor-2 org.apache.mina.filter.logging.LoggingFilter - RECEIVED: datatypes.protocolmessages.RegistrationEVResponse@15839c8e
INFO NioProcessor-2 org.apache.mina.filter.logging.LoggingFilter - CREATED
INFO NioProcessor-2 org.apache.mina.filter.logging.LoggingFilter - OPENED
INFO NioProcessor-2 org.apache.mina.filter.logging.LoggingFilter - SENT: datatypes.protocolmessages.UserLoginRequest@473f7bdc
INFO NioProcessor-2 org.apache.mina.filter.logging.LoggingFilter - SENT: datatypes.protocolmessages.RegistrationEVRequest@7445a994
INFO NioProcessor-2 org.apache.mina.filter.logging.LoggingFilter - RECEIVED: datatypes.protocolmessages.UserLoginResponse@598f520a
INFO NioProcessor-2 org.apache.mina.filter.logging.LoggingFilter - RECEIVED: datatypes.protocolmessages.RegistrationEVResponse@cd0adb1
INFO NioProcessor-2 org.apache.mina.filter.logging.LoggingFilter - CREATED
INFO NioProcessor-2 org.apache.mina.filter.logging.LoggingFilter - OPENED
INFO NioProcessor-2 org.apache.mina.filter.logging.LoggingFilter - SENT: datatypes.protocolmessages.UserLoginRequest@35900046
INFO NioProcessor-2 org.apache.mina.filter.logging.LoggingFilter - RECEIVED: datatypes.protocolmessages.UserLoginResponse@4497d245
INFO NioProcessor-2 org.apache.mina.filter.logging.LoggingFilter - SENT: datatypes.protocolmessages.RegistrationEVRequest@515192f
INFO NioProcessor-2 org.apache.mina.filter.logging.LoggingFilter - RECEIVED: datatypes.protocolmessages.RegistrationEVResponse@5c40f8c3
INFO NioProcessor-2 org.apache.mina.filter.logging.LoggingFilter - CREATED
INFO NioProcessor-2 org.apache.mina.filter.logging.LoggingFilter - OPENED
INFO NioProcessor-2 org.apache.mina.filter.logging.LoggingFilter - SENT: datatypes.protocolmessages.UserRegistrationRequest@48e997a2
INFO NioProcessor-2 org.apache.mina.filter.logging.LoggingFilter - CLOSED
INFO NioProcessor-2 org.apache.mina.filter.logging.LoggingFilter - CREATED
INFO NioProcessor-2 org.apache.mina.filter.logging.LoggingFilter - OPENED
INFO NioProcessor-2 org.apache.mina.filter.logging.LoggingFilter - SENT: datatypes.protocolmessages.UserRegistrationRequest@1b72ee31
INFO NioProcessor-2 org.apache.mina.filter.logging.LoggingFilter - RECEIVED: datatypes.protocolmessages.UserRegistrationResponse@73d9044e
INFO NioProcessor-2 org.apache.mina.filter.logging.LoggingFilter - CREATED
INFO NioProcessor-2 org.apache.mina.filter.logging.LoggingFilter - OPENED
INFO NioProcessor-2 org.apache.mina.filter.logging.LoggingFilter - SENT: datatypes.protocolmessages.UserRegistrationRequest@2d1da7fa
INFO NioProcessor-2 org.apache.mina.filter.logging.LoggingFilter - RECEIVED: datatypes.protocolmessages.UserRegistrationResponse@5b4c2011
INFO NioProcessor-2 org.apache.mina.filter.logging.LoggingFilter - CLOSED
INFO NioProcessor-2 org.apache.mina.filter.logging.LoggingFilter - CREATED
INFO NioProcessor-2 org.apache.mina.filter.logging.LoggingFilter - OPENED
INFO NioProcessor-2 org.apache.mina.filter.logging.LoggingFilter - SENT: datatypes.protocolmessages.UserRegistrationRequest@5fb7c444
INFO NioProcessor-2 org.apache.mina.filter.logging.LoggingFilter - RECEIVED: datatypes.protocolmessages.UserRegistrationResponse@598f520a
INFO NioProcessor-2 org.apache.mina.filter.logging.LoggingFilter - CREATED
INFO NioProcessor-2 org.apache.mina.filter.logging.LoggingFilter - OPENED
INFO NioProcessor-2 org.apache.mina.filter.logging.LoggingFilter - SENT: datatypes.protocolmessages.RegistrationVaccinatedRequest@41cd632d
INFO NioProcessor-2 org.apache.mina.filter.logging.LoggingFilter - SENT: datatypes.protocolmessages.UserRegistrationRequest@7eaf102a
INFO NioProcessor-2 org.apache.mina.filter.logging.LoggingFilter - RECEIVED: datatypes.protocolmessages.RegistrationVaccinatedResponse@443e8c95
INFO NioProcessor-2 org.apache.mina.filter.logging.LoggingFilter - RECEIVED: datatypes.protocolmessages.UserRegistrationResponse@3a9474d0
INFO NioProcessor-2 org.apache.mina.filter.logging.LoggingFilter - CREATED
INFO NioProcessor-2 org.apache.mina.filter.logging.LoggingFilter - OPENED
INFO NioProcessor-2 org.apache.mina.filter.logging.LoggingFilter - SENT: datatypes.protocolmessages.RegistrationVaccinatedRequest@5c1342dd
INFO NioProcessor-2 org.apache.mina.filter.logging.LoggingFilter - SENT: datatypes.protocolmessages.UserRegistrationRequest@79d20f35
INFO NioProcessor-2 org.apache.mina.filter.logging.LoggingFilter - RECEIVED: datatypes.protocolmessages.RegistrationVaccinatedResponse@63d85037
INFO NioProcessor-2 org.apache.mina.filter.logging.LoggingFilter - RECEIVED: datatypes.protocolmessages.UserRegistrationResponse@6750e38e
INFO NioProcessor-2 org.apache.mina.filter.logging.LoggingFilter - CREATED
INFO NioProcessor-2 org.apache.mina.filter.logging.LoggingFilter - OPENED
INFO NioProcessor-2 org.apache.mina.filter.logging.LoggingFilter - SENT: datatypes.protocolmessages.UserRegistrationRequest@2948e984
INFO NioProcessor-2 org.apache.mina.filter.logging.LoggingFilter - RECEIVED: datatypes.protocolmessages.UserRegistrationResponse@73d9044e
INFO NioProcessor-2 org.apache.mina.filter.logging.LoggingFilter - CREATED
INFO NioProcessor-2 org.apache.mina.filter.logging.LoggingFilter - OPENED
INFO NioProcessor-2 org.apache.mina.filter.logging.LoggingFilter - SENT: datatypes.protocolmessages.UserLoginRequest@4ac7af20
INFO NioProcessor-2 org.apache.mina.filter.logging.LoggingFilter - RECEIVED: datatypes.protocolmessages.UserLoginResponse@7f288bc8
INFO NioProcessor-2 org.apache.mina.filter.logging.LoggingFilter - CREATED
INFO NioProcessor-2 org.apache.mina.filter.logging.LoggingFilter - OPENED
INFO NioProcessor-2 org.apache.mina.filter.logging.LoggingFilter - SENT: datatypes.protocolmessages.UserLoginRequest@4de32e5d
INFO NioProcessor-2 org.apache.mina.filter.logging.LoggingFilter - SENT: datatypes.protocolmessages.RegistrationEVRequest@262e1ef
INFO NioProcessor-2 org.apache.mina.filter.logging.LoggingFilter - RECEIVED: datatypes.protocolmessages.UserLoginResponse@63d85037
INFO NioProcessor-2 org.apache.mina.filter.logging.LoggingFilter - RECEIVED: datatypes.protocolmessages.RegistrationEVResponse@2dd9592e
INFO NioProcessor-2 org.apache.mina.filter.logging.LoggingFilter - CREATED
INFO NioProcessor-2 org.apache.mina.filter.logging.LoggingFilter - OPENED
INFO NioProcessor-2 org.apache.mina.filter.logging.LoggingFilter - SENT: datatypes.protocolmessages.UserLoginRequest@7cafe4ce
INFO NioProcessor-2 org.apache.mina.filter.logging.LoggingFilter - SENT: datatypes.protocolmessages.RegistrationEVRequest@2a98e979
INFO NioProcessor-2 org.apache.mina.filter.logging.LoggingFilter - RECEIVED: datatypes.protocolmessages.UserLoginResponse@598f520a
INFO NioProcessor-2 org.apache.mina.filter.logging.LoggingFilter - RECEIVED: datatypes.protocolmessages.RegistrationEVResponse@cd0adb1
INFO NioProcessor-2 org.apache.mina.filter.logging.LoggingFilter - CLOSED
INFO NioProcessor-2 org.apache.mina.filter.logging.LoggingFilter - CREATED
INFO NioProcessor-2 org.apache.mina.filter.logging.LoggingFilter - OPENED
INFO NioProcessor-2 org.apache.mina.filter.logging.LoggingFilter - SENT: datatypes.protocolmessages.UserLoginRequest@57a91cc
INFO NioProcessor-2 org.apache.mina.filter.logging.LoggingFilter - SENT: datatypes.protocolmessages.RegistrationEVRequest@f754a81
INFO NioProcessor-2 org.apache.mina.filter.logging.LoggingFilter - RECEIVED: datatypes.protocolmessages.UserLoginResponse@73d9044e
INFO NioProcessor-2 org.apache.mina.filter.logging.LoggingFilter - RECEIVED: datatypes.protocolmessages.RegistrationEVResponse@7a6ca521
INFO NioProcessor-2 org.apache.mina.filter.logging.LoggingFilter - CLOSED
INFO NioProcessor-2 org.apache.mina.filter.logging.LoggingFilter - CREATED
INFO NioProcessor-2 org.apache.mina.filter.logging.LoggingFilter - OPENED
INFO NioProcessor-2 org.apache.mina.filter.logging.LoggingFilter - SENT: datatypes.protocolmessages.UserLoginRequest@41cd632d
INFO NioProcessor-2 org.apache.mina.filter.logging.LoggingFilter - SENT: datatypes.protocolmessages.RegistrationEVRequest@39ebd3f1
INFO NioProcessor-2 org.apache.mina.filter.logging.LoggingFilter - RECEIVED: datatypes.protocolmessages.UserLoginResponse@598f520a
INFO NioProcessor-2 org.apache.mina.filter.logging.LoggingFilter - RECEIVED: datatypes.protocolmessages.RegistrationEVResponse@cd0adb1
INFO NioProcessor-2 org.apache.mina.filter.logging.LoggingFilter - CLOSED
INFO NioProcessor-2 org.apache.mina.filter.logging.LoggingFilter - CREATED
INFO NioProcessor-2 org.apache.mina.filter.logging.LoggingFilter - OPENED
INFO NioProcessor-2 org.apache.mina.filter.logging.LoggingFilter - SENT: datatypes.protocolmessages.UserLoginRequest@2dd8086b
INFO NioProcessor-2 org.apache.mina.filter.logging.LoggingFilter - SENT: datatypes.protocolmessages.RegistrationEVRequest@3aece28b
INFO NioProcessor-2 org.apache.mina.filter.logging.LoggingFilter - RECEIVED: datatypes.protocolmessages.UserLoginResponse@c973c91
INFO NioProcessor-2 org.apache.mina.filter.logging.LoggingFilter - RECEIVED: datatypes.protocolmessages.RegistrationEVResponse@24e00a19
INFO NioProcessor-2 org.apache.mina.filter.logging.LoggingFilter - CREATED
INFO NioProcessor-2 org.apache.mina.filter.logging.LoggingFilter - OPENED
INFO NioProcessor-2 org.apache.mina.filter.logging.LoggingFilter - SENT: datatypes.protocolmessages.UserLoginRequest@41cd632d
INFO NioProcessor-2 org.apache.mina.filter.logging.LoggingFilter - RECEIVED: datatypes.protocolmessages.UserLoginResponse@5f8ddec0
INFO NioProcessor-2 org.apache.mina.filter.logging.LoggingFilter - SENT: datatypes.protocolmessages.RegistrationEVRequest@39ebd3f1
INFO NioProcessor-2 org.apache.mina.filter.logging.LoggingFilter - RECEIVED: datatypes.protocolmessages.RegistrationEVResponse@3d686d94
INFO NioProcessor-2 org.apache.mina.filter.logging.LoggingFilter - CREATED
INFO NioProcessor-2 org.apache.mina.filter.logging.LoggingFilter - OPENED
INFO NioProcessor-2 org.apache.mina.filter.logging.LoggingFilter - SENT: datatypes.protocolmessages.UserLoginRequest@3e86456a
INFO NioProcessor-2 org.apache.mina.filter.logging.LoggingFilter - SENT: datatypes.protocolmessages.RegistrationEVRequest@549bda14
INFO NioProcessor-2 org.apache.mina.filter.logging.LoggingFilter - RECEIVED: datatypes.protocolmessages.UserLoginResponse@5f8ddec0
INFO NioProcessor-2 org.apache.mina.filter.logging.LoggingFilter - RECEIVED: datatypes.protocolmessages.RegistrationEVResponse@3d686d94
INFO NioProcessor-2 org.apache.mina.filter.logging.LoggingFilter - CREATED
INFO NioProcessor-2 org.apache.mina.filter.logging.LoggingFilter - OPENED
INFO NioProcessor-2 org.apache.mina.filter.logging.LoggingFilter - SENT: datatypes.protocolmessages.GetAllCVRequest@35900046
INFO NioProcessor-2 org.apache.mina.filter.logging.LoggingFilter - RECEIVED: datatypes.protocolmessages.GetCVResponse@36e2fdc8
INFO NioProcessor-2 org.apache.mina.filter.logging.LoggingFilter - CLOSED
INFO NioProcessor-2 org.apache.mina.filter.logging.LoggingFilter - CREATED
INFO NioProcessor-2 org.apache.mina.filter.logging.LoggingFilter - OPENED
INFO NioProcessor-2 org.apache.mina.filter.logging.LoggingFilter - SENT: datatypes.protocolmessages.GetAllCVRequest@3666ebf4
INFO NioProcessor-2 org.apache.mina.filter.logging.LoggingFilter - CREATED
INFO NioProcessor-2 org.apache.mina.filter.logging.LoggingFilter - OPENED
INFO NioProcessor-2 org.apache.mina.filter.logging.LoggingFilter - SENT: datatypes.protocolmessages.GetAllCVRequest@5ba7958e
INFO NioProcessor-2 org.apache.mina.filter.logging.LoggingFilter - RECEIVED: datatypes.protocolmessages.GetCVResponse@4db2f41d
INFO NioProcessor-2 org.apache.mina.filter.logging.LoggingFilter - CREATED
INFO NioProcessor-2 org.apache.mina.filter.logging.LoggingFilter - OPENED
INFO NioProcessor-2 org.apache.mina.filter.logging.LoggingFilter - SENT: datatypes.protocolmessages.GetAllCVRequest@5ba7958e
INFO NioProcessor-2 org.apache.mina.filter.logging.LoggingFilter - RECEIVED: datatypes.protocolmessages.GetCVResponse@2d4a4579
INFO NioProcessor-2 org.apache.mina.filter.logging.LoggingFilter - CREATED
INFO NioProcessor-2 org.apache.mina.filter.logging.LoggingFilter - OPENED
INFO NioProcessor-2 org.apache.mina.filter.logging.LoggingFilter - SENT: datatypes.protocolmessages.GetAllCVRequest@5e7568ee
INFO NioProcessor-2 org.apache.mina.filter.logging.LoggingFilter - RECEIVED: datatypes.protocolmessages.GetCVResponse@65449f1a
INFO NioProcessor-2 org.apache.mina.filter.logging.LoggingFilter - CREATED
INFO NioProcessor-2 org.apache.mina.filter.logging.LoggingFilter - OPENED
INFO NioProcessor-2 org.apache.mina.filter.logging.LoggingFilter - SENT: datatypes.protocolmessages.GetCVByNameRequest@6dd938a6
INFO NioProcessor-2 org.apache.mina.filter.logging.LoggingFilter - SENT: datatypes.protocolmessages.GetCVByMunicipalityTypologyRequest@243a8e6
INFO NioProcessor-2 org.apache.mina.filter.logging.LoggingFilter - RECEIVED: datatypes.protocolmessages.GetCVResponse@3e7a0112
INFO NioProcessor-2 org.apache.mina.filter.logging.LoggingFilter - RECEIVED: datatypes.protocolmessages.GetCVResponse@2ad3f10b
INFO NioProcessor-2 org.apache.mina.filter.logging.LoggingFilter - CREATED
INFO NioProcessor-2 org.apache.mina.filter.logging.LoggingFilter - OPENED
INFO NioProcessor-2 org.apache.mina.filter.logging.LoggingFilter - SENT: datatypes.protocolmessages.GetEVTypologiesRequest@7808e9b8
INFO NioProcessor-2 org.apache.mina.filter.logging.LoggingFilter - SENT: datatypes.protocolmessages.GetVaccinesRequest@60827bc1
INFO NioProcessor-2 org.apache.mina.filter.logging.LoggingFilter - SENT: datatypes.protocolmessages.GetReportRequest@318e22c2
INFO NioProcessor-2 org.apache.mina.filter.logging.LoggingFilter - RECEIVED: datatypes.protocolmessages.GetEvTypologiesResponse@635a5fb8
INFO NioProcessor-2 org.apache.mina.filter.logging.LoggingFilter - RECEIVED: datatypes.protocolmessages.GetVaccinesResponse@340d7140
WARN NioProcessor-2 org.apache.mina.filter.logging.LoggingFilter - EXCEPTION :
org.apache.mina.filter.codec.ProtocolDecoderException: java.lang.NullPointerException (Hexdump: 00 00 01 23 AC ED 00 05 73 72 01 00 2E 64 61 74 61 74 79 70 65 73 2E 70 72 6F 74 6F 63 6F 6C 6D 65 73 73 61 67 65 73 2E 47 65 74 56 61 63 63 69 6E 65 73 52 65 73 70 6F 6E 73 65 78 72 01 00 24 64 61 74 61 74 79 70 65 73 2E 70 72 6F 74 6F 63 6F 6C 6D 65 73 73 61 67 65 73 2E 50 61 63 6B 65 74 41 43 4B 78 72 01 00 21 64 61 74 61 74 79 70 65 73 2E 70 72 6F 74 6F 63 6F 6C 6D 65 73 73 61 67 65 73 2E 50 61 63 6B 65 74 78 70 01 73 72 01 00 13 6A 61 76 61 2E 75 74 69 6C 2E 41 72 72 61 79 4C 69 73 74 78 70 00 00 00 05 77 04 00 00 00 05 73 72 01 00 11 64 61 74 61 74 79 70 65 73 2E 56 61 63 63 69 6E 6F 78 70 00 00 00 06 74 00 0B 41 73 74 72 61 5A 65 6E 65 63 61 73 71 00 7E 00 06 00 00 00 07 74 00 07 4D 6F 64 65 72 6E 61 73 71 00 7E 00 06 00 00 00 08 74 00 03 4A 26 4A 73 71 00 7E 00 06 00 00 00 09 74 00 06 50 66 69 7A 65 72 73 71 00 7E 00 06 00 00 00 0A 74 00 07 53 70 75 74 6E 69 6B 78 00 00 01 43 AC ED 00 05 73 72 01 00 2C 64 61 74 61 74 79 70 65 73 2E 70 72 6F 74 6F 63 6F 6C 6D 65 73 73 61 67 65 73 2E 47 65 74 52 65 70 6F 72 74 52 65 73 70 6F 6E 73 65 78 72 01 00 24 64 61 74 61 74 79 70 65 73 2E 70 72 6F 74 6F 63 6F 6C 6D 65 73 73 61 67 65 73 2E 50 61 63 6B 65 74 41 43 4B 78 72 01 00 21 64 61 74 61 74 79 70 65 73 2E 70 72 6F 74 6F 63 6F 6C 6D 65 73 73 61 67 65 73 2E 50 61 63 6B 65 74 78 70 01 73 72 01 00 12 64 61 74 61 74 79 70 65 73 2E 52 65 70 6F 72 74 43 56 78 70 00 00 00 04 40 06 00 00 00 00 00 00 73 72 01 00 19 64 61 74 61 74 79 70 65 73 2E 43 65 6E 74 72 6F 56 61 63 63 69 6E 61 6C 65 78 70 00 00 00 0B 70 70 70 70 70 70 70 70 73 72 01 00 11 6A 61 76 61 2E 75 74 69 6C 2E 48 61 73 68 4D 61 70 78 70 3F 40 00 00 00 00 00 0C 77 08 00 00 00 10 00 00 00 01 74 00 0C 4D 61 6C 20 64 69 20 74 65 73 74 61 73 72 01 00 11 6A 61 76 61 2E 6C 61 6E 67 2E 49 6E 74 65 67 65 72 78 72 01 00 10 6A 61 76 61 2E 6C 61 6E 67 2E 4E 75 6D 62 65 72 78 70 00 00 00 04 78)
	at org.apache.mina.filter.codec.ProtocolCodecFilter.messageReceived(ProtocolCodecFilter.java:242)
	at org.apache.mina.core.filterchain.DefaultIoFilterChain.callNextMessageReceived(DefaultIoFilterChain.java:417)
	at org.apache.mina.core.filterchain.DefaultIoFilterChain.access$1200(DefaultIoFilterChain.java:47)
	at org.apache.mina.core.filterchain.DefaultIoFilterChain$EntryImpl$1.messageReceived(DefaultIoFilterChain.java:765)
	at org.apache.mina.core.filterchain.IoFilterAdapter.messageReceived(IoFilterAdapter.java:109)
	at org.apache.mina.core.filterchain.DefaultIoFilterChain.callNextMessageReceived(DefaultIoFilterChain.java:417)
	at org.apache.mina.core.filterchain.DefaultIoFilterChain.fireMessageReceived(DefaultIoFilterChain.java:410)
	at org.apache.mina.core.polling.AbstractPollingIoProcessor.read(AbstractPollingIoProcessor.java:710)
	at org.apache.mina.core.polling.AbstractPollingIoProcessor.process(AbstractPollingIoProcessor.java:664)
	at org.apache.mina.core.polling.AbstractPollingIoProcessor.process(AbstractPollingIoProcessor.java:653)
	at org.apache.mina.core.polling.AbstractPollingIoProcessor.access$600(AbstractPollingIoProcessor.java:67)
	at org.apache.mina.core.polling.AbstractPollingIoProcessor$Processor.run(AbstractPollingIoProcessor.java:1124)
	at org.apache.mina.util.NamePreservingRunnable.run(NamePreservingRunnable.java:64)
	at java.base/java.util.concurrent.ThreadPoolExecutor.runWorker(ThreadPoolExecutor.java:1128)
	at java.base/java.util.concurrent.ThreadPoolExecutor$Worker.run(ThreadPoolExecutor.java:628)
	at java.base/java.lang.Thread.run(Thread.java:829)
Caused by: java.lang.NullPointerException
	at org.apache.mina.core.buffer.AbstractIoBuffer$3.resolveClass(AbstractIoBuffer.java:2176)
	at java.base/java.io.ObjectInputStream.readNonProxyDesc(ObjectInputStream.java:1995)
	at java.base/java.io.ObjectInputStream.readClassDesc(ObjectInputStream.java:1862)
	at java.base/java.io.ObjectInputStream.readOrdinaryObject(ObjectInputStream.java:2169)
	at java.base/java.io.ObjectInputStream.readObject0(ObjectInputStream.java:1679)
	at java.base/java.io.ObjectInputStream.defaultReadFields(ObjectInputStream.java:2464)
	at java.base/java.io.ObjectInputStream.readSerialData(ObjectInputStream.java:2358)
	at java.base/java.io.ObjectInputStream.readOrdinaryObject(ObjectInputStream.java:2196)
	at java.base/java.io.ObjectInputStream.readObject0(ObjectInputStream.java:1679)
	at java.base/java.io.ObjectInputStream.readObject(ObjectInputStream.java:493)
	at java.base/java.io.ObjectInputStream.readObject(ObjectInputStream.java:451)
	at org.apache.mina.core.buffer.AbstractIoBuffer.getObject(AbstractIoBuffer.java:2184)
	at org.apache.mina.filter.codec.serialization.ObjectSerializationDecoder.doDecode(ObjectSerializationDecoder.java:90)
	at org.apache.mina.filter.codec.CumulativeProtocolDecoder.decode(CumulativeProtocolDecoder.java:176)
	at org.apache.mina.filter.codec.ProtocolCodecFilter.messageReceived(ProtocolCodecFilter.java:232)
	... 15 more
INFO NioProcessor-2 org.apache.mina.filter.logging.LoggingFilter - CREATED
INFO NioProcessor-2 org.apache.mina.filter.logging.LoggingFilter - OPENED
INFO NioProcessor-2 org.apache.mina.filter.logging.LoggingFilter - SENT: datatypes.protocolmessages.GetEVTypologiesRequest@4004efd8
INFO NioProcessor-2 org.apache.mina.filter.logging.LoggingFilter - SENT: datatypes.protocolmessages.GetVaccinesRequest@78016aac
INFO NioProcessor-2 org.apache.mina.filter.logging.LoggingFilter - SENT: datatypes.protocolmessages.GetReportRequest@18d135ce
INFO NioProcessor-2 org.apache.mina.filter.logging.LoggingFilter - RECEIVED: datatypes.protocolmessages.GetEvTypologiesResponse@57624595
INFO NioProcessor-2 org.apache.mina.filter.logging.LoggingFilter - RECEIVED: datatypes.protocolmessages.GetVaccinesResponse@76a3002f
INFO NioProcessor-2 org.apache.mina.filter.logging.LoggingFilter - RECEIVED: datatypes.protocolmessages.GetReportResponse@49c532de
INFO NioProcessor-2 org.apache.mina.filter.logging.LoggingFilter - CREATED
INFO NioProcessor-2 org.apache.mina.filter.logging.LoggingFilter - OPENED
INFO NioProcessor-2 org.apache.mina.filter.logging.LoggingFilter - SENT: datatypes.protocolmessages.GetVaccinationByKeyRequest@1150efcd
INFO NioProcessor-2 org.apache.mina.filter.logging.LoggingFilter - RECEIVED: datatypes.protocolmessages.GetVaccinationByKeyResponse@5a4172ce
INFO NioProcessor-2 org.apache.mina.filter.logging.LoggingFilter - CREATED
INFO NioProcessor-2 org.apache.mina.filter.logging.LoggingFilter - OPENED
INFO NioProcessor-2 org.apache.mina.filter.logging.LoggingFilter - CLOSED
INFO NioProcessor-2 org.apache.mina.filter.logging.LoggingFilter - CREATED
INFO NioProcessor-2 org.apache.mina.filter.logging.LoggingFilter - OPENED
INFO NioProcessor-2 org.apache.mina.filter.logging.LoggingFilter - CREATED
INFO NioProcessor-2 org.apache.mina.filter.logging.LoggingFilter - OPENED
INFO NioProcessor-2 org.apache.mina.filter.logging.LoggingFilter - SENT: datatypes.protocolmessages.UserLoginRequest@11413283
INFO NioProcessor-2 org.apache.mina.filter.logging.LoggingFilter - CLOSED
INFO NioProcessor-2 org.apache.mina.filter.logging.LoggingFilter - CREATED
INFO NioProcessor-2 org.apache.mina.filter.logging.LoggingFilter - OPENED
INFO NioProcessor-2 org.apache.mina.filter.logging.LoggingFilter - CLOSED
INFO NioProcessor-2 org.apache.mina.filter.logging.LoggingFilter - CREATED
INFO NioProcessor-2 org.apache.mina.filter.logging.LoggingFilter - OPENED
INFO NioProcessor-2 org.apache.mina.filter.logging.LoggingFilter - SENT: datatypes.protocolmessages.UserLoginRequest@58e78039
INFO NioProcessor-2 org.apache.mina.filter.logging.LoggingFilter - CLOSED
INFO NioProcessor-2 org.apache.mina.filter.logging.LoggingFilter - CREATED
INFO NioProcessor-2 org.apache.mina.filter.logging.LoggingFilter - OPENED
INFO NioProcessor-2 org.apache.mina.filter.logging.LoggingFilter - SENT: datatypes.protocolmessages.UserLoginRequest@744cb0e
INFO NioProcessor-2 org.apache.mina.filter.logging.LoggingFilter - CLOSED
INFO NioProcessor-2 org.apache.mina.filter.logging.LoggingFilter - CREATED
INFO NioProcessor-2 org.apache.mina.filter.logging.LoggingFilter - OPENED
INFO NioProcessor-2 org.apache.mina.filter.logging.LoggingFilter - CLOSED
INFO NioProcessor-2 org.apache.mina.filter.logging.LoggingFilter - CREATED
INFO NioProcessor-2 org.apache.mina.filter.logging.LoggingFilter - OPENED
INFO NioProcessor-2 org.apache.mina.filter.logging.LoggingFilter - CLOSED
INFO NioProcessor-2 org.apache.mina.filter.logging.LoggingFilter - CREATED
INFO NioProcessor-2 org.apache.mina.filter.logging.LoggingFilter - OPENED
INFO NioProcessor-2 org.apache.mina.filter.logging.LoggingFilter - SENT: datatypes.protocolmessages.UserLoginRequest@94bc7ac
INFO NioProcessor-2 org.apache.mina.filter.logging.LoggingFilter - CREATED
INFO NioProcessor-2 org.apache.mina.filter.logging.LoggingFilter - OPENED
INFO NioProcessor-2 org.apache.mina.filter.logging.LoggingFilter - SENT: datatypes.protocolmessages.UserLoginRequest@2b6663ea
INFO NioProcessor-2 org.apache.mina.filter.logging.LoggingFilter - CLOSED
INFO NioProcessor-2 org.apache.mina.filter.logging.LoggingFilter - CREATED
INFO NioProcessor-2 org.apache.mina.filter.logging.LoggingFilter - OPENED
INFO NioProcessor-2 org.apache.mina.filter.logging.LoggingFilter - SENT: datatypes.protocolmessages.UserLoginRequest@2eb1e507
INFO NioProcessor-2 org.apache.mina.filter.logging.LoggingFilter - RECEIVED: datatypes.protocolmessages.UserLoginResponse@28b8d7cd
INFO NioProcessor-2 org.apache.mina.filter.logging.LoggingFilter - CREATED
INFO NioProcessor-2 org.apache.mina.filter.logging.LoggingFilter - OPENED
INFO NioProcessor-2 org.apache.mina.filter.logging.LoggingFilter - SENT: datatypes.protocolmessages.UserLoginRequest@7a8a4b9f
INFO NioProcessor-2 org.apache.mina.filter.logging.LoggingFilter - CREATED
INFO NioProcessor-2 org.apache.mina.filter.logging.LoggingFilter - OPENED
INFO NioProcessor-2 org.apache.mina.filter.logging.LoggingFilter - SENT: datatypes.protocolmessages.UserLoginRequest@6376625
INFO NioProcessor-2 org.apache.mina.filter.logging.LoggingFilter - CREATED
INFO NioProcessor-2 org.apache.mina.filter.logging.LoggingFilter - OPENED
INFO NioProcessor-2 org.apache.mina.filter.logging.LoggingFilter - SENT: datatypes.protocolmessages.UserLoginRequest@6376625
INFO NioProcessor-2 org.apache.mina.filter.logging.LoggingFilter - RECEIVED: datatypes.protocolmessages.UserLoginResponse@760a0ad9
INFO NioProcessor-2 org.apache.mina.filter.logging.LoggingFilter - CREATED
INFO NioProcessor-2 org.apache.mina.filter.logging.LoggingFilter - OPENED
INFO NioProcessor-2 org.apache.mina.filter.logging.LoggingFilter - SENT: datatypes.protocolmessages.UserLoginRequest@24c66e69
INFO NioProcessor-2 org.apache.mina.filter.logging.LoggingFilter - CREATED
INFO NioProcessor-2 org.apache.mina.filter.logging.LoggingFilter - OPENED
INFO NioProcessor-2 org.apache.mina.filter.logging.LoggingFilter - SENT: datatypes.protocolmessages.UserLoginRequest@5b8bbf5b
INFO NioProcessor-2 org.apache.mina.filter.logging.LoggingFilter - RECEIVED: datatypes.protocolmessages.UserLoginResponse@2fa64f46
INFO NioProcessor-2 org.apache.mina.filter.logging.LoggingFilter - CREATED
INFO NioProcessor-2 org.apache.mina.filter.logging.LoggingFilter - OPENED
INFO NioProcessor-2 org.apache.mina.filter.logging.LoggingFilter - SENT: datatypes.protocolmessages.UserLoginRequest@5d04915d
INFO NioProcessor-2 org.apache.mina.filter.logging.LoggingFilter - CREATED
INFO NioProcessor-2 org.apache.mina.filter.logging.LoggingFilter - OPENED
INFO NioProcessor-2 org.apache.mina.filter.logging.LoggingFilter - SENT: datatypes.protocolmessages.UserLoginRequest@2eb1e507
INFO NioProcessor-2 org.apache.mina.filter.logging.LoggingFilter - CREATED
INFO NioProcessor-2 org.apache.mina.filter.logging.LoggingFilter - OPENED
INFO NioProcessor-2 org.apache.mina.filter.logging.LoggingFilter - SENT: datatypes.protocolmessages.UserLoginRequest@14307c67
INFO NioProcessor-2 org.apache.mina.filter.logging.LoggingFilter - CREATED
INFO NioProcessor-2 org.apache.mina.filter.logging.LoggingFilter - OPENED
INFO NioProcessor-2 org.apache.mina.filter.logging.LoggingFilter - SENT: datatypes.protocolmessages.UserLoginRequest@64478623
INFO NioProcessor-2 org.apache.mina.filter.logging.LoggingFilter - RECEIVED: datatypes.protocolmessages.UserLoginResponse@103cf47b
INFO NioProcessor-2 org.apache.mina.filter.logging.LoggingFilter - CREATED
INFO NioProcessor-2 org.apache.mina.filter.logging.LoggingFilter - OPENED
INFO NioProcessor-2 org.apache.mina.filter.logging.LoggingFilter - SENT: datatypes.protocolmessages.UserLoginRequest@784c4786
INFO NioProcessor-2 org.apache.mina.filter.logging.LoggingFilter - RECEIVED: datatypes.protocolmessages.UserLoginResponse@3fa580a3
INFO NioProcessor-2 org.apache.mina.filter.logging.LoggingFilter - CREATED
INFO NioProcessor-2 org.apache.mina.filter.logging.LoggingFilter - OPENED
INFO NioProcessor-2 org.apache.mina.filter.logging.LoggingFilter - SENT: datatypes.protocolmessages.UserLoginRequest@7e8913c8
INFO NioProcessor-2 org.apache.mina.filter.logging.LoggingFilter - RECEIVED: datatypes.protocolmessages.UserLoginResponse@64d0647d
INFO NioProcessor-2 org.apache.mina.filter.logging.LoggingFilter - CREATED
INFO NioProcessor-2 org.apache.mina.filter.logging.LoggingFilter - OPENED
INFO NioProcessor-2 org.apache.mina.filter.logging.LoggingFilter - SENT: datatypes.protocolmessages.UserLoginRequest@6376625
INFO NioProcessor-2 org.apache.mina.filter.logging.LoggingFilter - CREATED
INFO NioProcessor-2 org.apache.mina.filter.logging.LoggingFilter - OPENED
INFO NioProcessor-2 org.apache.mina.filter.logging.LoggingFilter - SENT: datatypes.protocolmessages.UserLoginRequest@47e5315
INFO NioProcessor-2 org.apache.mina.filter.logging.LoggingFilter - RECEIVED: datatypes.protocolmessages.UserLoginResponse@d820b6
INFO NioProcessor-2 org.apache.mina.filter.logging.LoggingFilter - CREATED
INFO NioProcessor-2 org.apache.mina.filter.logging.LoggingFilter - OPENED
INFO NioProcessor-2 org.apache.mina.filter.logging.LoggingFilter - SENT: datatypes.protocolmessages.UserLoginRequest@50ddfd6b
INFO NioProcessor-2 org.apache.mina.filter.logging.LoggingFilter - RECEIVED: datatypes.protocolmessages.UserLoginResponse@7ec1d728
INFO NioProcessor-2 org.apache.mina.filter.logging.LoggingFilter - CREATED
INFO NioProcessor-2 org.apache.mina.filter.logging.LoggingFilter - OPENED
INFO NioProcessor-2 org.apache.mina.filter.logging.LoggingFilter - SENT: datatypes.protocolmessages.UserLoginRequest@49cd8df8
INFO NioProcessor-2 org.apache.mina.filter.logging.LoggingFilter - RECEIVED: datatypes.protocolmessages.UserLoginResponse@3cb4bae8
INFO NioProcessor-2 org.apache.mina.filter.logging.LoggingFilter - CREATED
INFO NioProcessor-2 org.apache.mina.filter.logging.LoggingFilter - OPENED
INFO NioProcessor-2 org.apache.mina.filter.logging.LoggingFilter - SENT: datatypes.protocolmessages.UserLoginRequest@5401783
INFO NioProcessor-2 org.apache.mina.filter.logging.LoggingFilter - RECEIVED: datatypes.protocolmessages.UserLoginResponse@1a06139a
INFO NioProcessor-2 org.apache.mina.filter.logging.LoggingFilter - CREATED
INFO NioProcessor-2 org.apache.mina.filter.logging.LoggingFilter - OPENED
INFO NioProcessor-2 org.apache.mina.filter.logging.LoggingFilter - SENT: datatypes.protocolmessages.UserLoginRequest@1297f518
INFO NioProcessor-2 org.apache.mina.filter.logging.LoggingFilter - RECEIVED: datatypes.protocolmessages.UserLoginResponse@58e295b5
INFO NioProcessor-2 org.apache.mina.filter.logging.LoggingFilter - CREATED
INFO NioProcessor-2 org.apache.mina.filter.logging.LoggingFilter - OPENED
INFO NioProcessor-2 org.apache.mina.filter.logging.LoggingFilter - SENT: datatypes.protocolmessages.UserLoginRequest@5401783
INFO NioProcessor-2 org.apache.mina.filter.logging.LoggingFilter - RECEIVED: datatypes.protocolmessages.UserLoginResponse@1ea5ab87
INFO NioProcessor-2 org.apache.mina.filter.logging.LoggingFilter - CREATED
INFO NioProcessor-2 org.apache.mina.filter.logging.LoggingFilter - OPENED
INFO NioProcessor-2 org.apache.mina.filter.logging.LoggingFilter - SENT: datatypes.protocolmessages.UserLoginRequest@49cd8df8
INFO NioProcessor-2 org.apache.mina.filter.logging.LoggingFilter - RECEIVED: datatypes.protocolmessages.UserLoginResponse@5adf6963
INFO NioProcessor-2 org.apache.mina.filter.logging.LoggingFilter - CREATED
INFO NioProcessor-2 org.apache.mina.filter.logging.LoggingFilter - OPENED
INFO NioProcessor-2 org.apache.mina.filter.logging.LoggingFilter - SENT: datatypes.protocolmessages.UserLoginRequest@14307c67
INFO NioProcessor-2 org.apache.mina.filter.logging.LoggingFilter - RECEIVED: datatypes.protocolmessages.UserLoginResponse@4b4eee21
INFO NioProcessor-2 org.apache.mina.filter.logging.LoggingFilter - CREATED
INFO NioProcessor-2 org.apache.mina.filter.logging.LoggingFilter - OPENED
INFO NioProcessor-2 org.apache.mina.filter.logging.LoggingFilter - SENT: datatypes.protocolmessages.UserLoginRequest@224899e3
INFO NioProcessor-2 org.apache.mina.filter.logging.LoggingFilter - SENT: datatypes.protocolmessages.UserLoginRequest@14f8c951
INFO NioProcessor-2 org.apache.mina.filter.logging.LoggingFilter - RECEIVED: datatypes.protocolmessages.UserLoginResponse@5adf6963
INFO NioProcessor-2 org.apache.mina.filter.logging.LoggingFilter - RECEIVED: datatypes.protocolmessages.UserLoginResponse@3fd66eaa
INFO NioProcessor-2 org.apache.mina.filter.logging.LoggingFilter - SENT: datatypes.protocolmessages.UserLoginRequest@61120cb2
INFO NioProcessor-2 org.apache.mina.filter.logging.LoggingFilter - RECEIVED: datatypes.protocolmessages.UserLoginResponse@6911e0f8
INFO NioProcessor-2 org.apache.mina.filter.logging.LoggingFilter - SENT: datatypes.protocolmessages.UserLoginRequest@303a3067
INFO NioProcessor-2 org.apache.mina.filter.logging.LoggingFilter - RECEIVED: datatypes.protocolmessages.UserLoginResponse@5584e1ed
INFO NioProcessor-2 org.apache.mina.filter.logging.LoggingFilter - SENT: datatypes.protocolmessages.UserLoginRequest@33e0327a
INFO NioProcessor-2 org.apache.mina.filter.logging.LoggingFilter - RECEIVED: datatypes.protocolmessages.UserLoginResponse@197bc5ed
INFO NioProcessor-2 org.apache.mina.filter.logging.LoggingFilter - SENT: datatypes.protocolmessages.UserLoginRequest@6180d716
INFO NioProcessor-2 org.apache.mina.filter.logging.LoggingFilter - RECEIVED: datatypes.protocolmessages.UserLoginResponse@15544b56
INFO NioProcessor-2 org.apache.mina.filter.logging.LoggingFilter - SENT: datatypes.protocolmessages.UserLoginRequest@10863008
INFO NioProcessor-2 org.apache.mina.filter.logging.LoggingFilter - RECEIVED: datatypes.protocolmessages.UserLoginResponse@73247f24
INFO NioProcessor-2 org.apache.mina.filter.logging.LoggingFilter - SENT: datatypes.protocolmessages.UserLoginRequest@715e8377
INFO NioProcessor-2 org.apache.mina.filter.logging.LoggingFilter - RECEIVED: datatypes.protocolmessages.UserLoginResponse@2950189b
INFO NioProcessor-2 org.apache.mina.filter.logging.LoggingFilter - SENT: datatypes.protocolmessages.UserLoginRequest@439f1cc4
INFO NioProcessor-2 org.apache.mina.filter.logging.LoggingFilter - RECEIVED: datatypes.protocolmessages.UserLoginResponse@780b47
INFO NioProcessor-2 org.apache.mina.filter.logging.LoggingFilter - SENT: datatypes.protocolmessages.UserLoginRequest@24c05bc6
INFO NioProcessor-2 org.apache.mina.filter.logging.LoggingFilter - RECEIVED: datatypes.protocolmessages.UserLoginResponse@44c8ceb3
INFO NioProcessor-2 org.apache.mina.filter.logging.LoggingFilter - SENT: datatypes.protocolmessages.UserLoginRequest@5e73926
INFO NioProcessor-2 org.apache.mina.filter.logging.LoggingFilter - RECEIVED: datatypes.protocolmessages.UserLoginResponse@4b84c837
INFO NioProcessor-2 org.apache.mina.filter.logging.LoggingFilter - CREATED
INFO NioProcessor-2 org.apache.mina.filter.logging.LoggingFilter - OPENED
INFO NioProcessor-2 org.apache.mina.filter.logging.LoggingFilter - SENT: datatypes.protocolmessages.UserLoginRequest@1eb082a8
INFO NioProcessor-2 org.apache.mina.filter.logging.LoggingFilter - RECEIVED: datatypes.protocolmessages.UserLoginResponse@4f47817d
INFO NioProcessor-2 org.apache.mina.filter.logging.LoggingFilter - SENT: datatypes.protocolmessages.UserLoginRequest@f4ac6de
INFO NioProcessor-2 org.apache.mina.filter.logging.LoggingFilter - RECEIVED: datatypes.protocolmessages.UserLoginResponse@42b0c047
INFO NioProcessor-2 org.apache.mina.filter.logging.LoggingFilter - SENT: datatypes.protocolmessages.UserLoginRequest@38631d8e
INFO NioProcessor-2 org.apache.mina.filter.logging.LoggingFilter - RECEIVED: datatypes.protocolmessages.UserLoginResponse@15de3b27
INFO NioProcessor-2 org.apache.mina.filter.logging.LoggingFilter - SENT: datatypes.protocolmessages.UserLoginRequest@62b33f23
INFO NioProcessor-2 org.apache.mina.filter.logging.LoggingFilter - RECEIVED: datatypes.protocolmessages.UserLoginResponse@5e5cb67e
INFO NioProcessor-2 org.apache.mina.filter.logging.LoggingFilter - SENT: datatypes.protocolmessages.UserLoginRequest@30d545b7
INFO NioProcessor-2 org.apache.mina.filter.logging.LoggingFilter - RECEIVED: datatypes.protocolmessages.UserLoginResponse@709470cd
INFO NioProcessor-2 org.apache.mina.filter.logging.LoggingFilter - SENT: datatypes.protocolmessages.UserLoginRequest@69f00945
INFO NioProcessor-2 org.apache.mina.filter.logging.LoggingFilter - RECEIVED: datatypes.protocolmessages.UserLoginResponse@34623460
INFO NioProcessor-2 org.apache.mina.filter.logging.LoggingFilter - SENT: datatypes.protocolmessages.UserLoginRequest@495fe698
INFO NioProcessor-2 org.apache.mina.filter.logging.LoggingFilter - RECEIVED: datatypes.protocolmessages.UserLoginResponse@500136c8
INFO NioProcessor-2 org.apache.mina.filter.logging.LoggingFilter - SENT: datatypes.protocolmessages.UserLoginRequest@32ee82b7
INFO NioProcessor-2 org.apache.mina.filter.logging.LoggingFilter - RECEIVED: datatypes.protocolmessages.UserLoginResponse@2979357e
INFO NioProcessor-2 org.apache.mina.filter.logging.LoggingFilter - SENT: datatypes.protocolmessages.UserLoginRequest@288c91a0
INFO NioProcessor-2 org.apache.mina.filter.logging.LoggingFilter - RECEIVED: datatypes.protocolmessages.UserLoginResponse@7f5b8d36
INFO NioProcessor-2 org.apache.mina.filter.logging.LoggingFilter - SENT: datatypes.protocolmessages.UserLoginRequest@41df0fd5
INFO NioProcessor-2 org.apache.mina.filter.logging.LoggingFilter - RECEIVED: datatypes.protocolmessages.UserLoginResponse@4121e407
INFO NioProcessor-2 org.apache.mina.filter.logging.LoggingFilter - SENT: datatypes.protocolmessages.UserLoginRequest@77025a50
INFO NioProcessor-2 org.apache.mina.filter.logging.LoggingFilter - RECEIVED: datatypes.protocolmessages.UserLoginResponse@350cbb8c
INFO NioProcessor-2 org.apache.mina.filter.logging.LoggingFilter - SENT: datatypes.protocolmessages.UserLoginRequest@313f953d
INFO NioProcessor-2 org.apache.mina.filter.logging.LoggingFilter - RECEIVED: datatypes.protocolmessages.UserLoginResponse@55beba96
INFO NioProcessor-2 org.apache.mina.filter.logging.LoggingFilter - SENT: datatypes.protocolmessages.UserLoginRequest@7d72132b
INFO NioProcessor-2 org.apache.mina.filter.logging.LoggingFilter - RECEIVED: datatypes.protocolmessages.UserLoginResponse@76afaf2a
INFO NioProcessor-2 org.apache.mina.filter.logging.LoggingFilter - CREATED
INFO NioProcessor-2 org.apache.mina.filter.logging.LoggingFilter - OPENED
INFO NioProcessor-2 org.apache.mina.filter.logging.LoggingFilter - SENT: datatypes.protocolmessages.UserLoginRequest@4b8f8dfb
INFO NioProcessor-2 org.apache.mina.filter.logging.LoggingFilter - SENT: datatypes.protocolmessages.UserLoginRequest@76250480
INFO NioProcessor-2 org.apache.mina.filter.logging.LoggingFilter - RECEIVED: datatypes.protocolmessages.UserLoginResponse@22adf60
INFO NioProcessor-2 org.apache.mina.filter.logging.LoggingFilter - RECEIVED: datatypes.protocolmessages.UserLoginResponse@4a150746
INFO NioProcessor-2 org.apache.mina.filter.logging.LoggingFilter - SENT: datatypes.protocolmessages.UserLoginRequest@56d15a76
INFO NioProcessor-2 org.apache.mina.filter.logging.LoggingFilter - RECEIVED: datatypes.protocolmessages.UserLoginResponse@5e167acf
INFO NioProcessor-2 org.apache.mina.filter.logging.LoggingFilter - SENT: datatypes.protocolmessages.UserLoginRequest@561e76bc
INFO NioProcessor-2 org.apache.mina.filter.logging.LoggingFilter - RECEIVED: datatypes.protocolmessages.UserLoginResponse@300b7af7
INFO NioProcessor-2 org.apache.mina.filter.logging.LoggingFilter - SENT: datatypes.protocolmessages.UserLoginRequest@74da003e
INFO NioProcessor-2 org.apache.mina.filter.logging.LoggingFilter - RECEIVED: datatypes.protocolmessages.UserLoginResponse@640e6249
INFO NioProcessor-2 org.apache.mina.filter.logging.LoggingFilter - SENT: datatypes.protocolmessages.UserLoginRequest@2a851b21
INFO NioProcessor-2 org.apache.mina.filter.logging.LoggingFilter - RECEIVED: datatypes.protocolmessages.UserLoginResponse@6c376b9
INFO NioProcessor-2 org.apache.mina.filter.logging.LoggingFilter - SENT: datatypes.protocolmessages.UserLoginRequest@76dbe6ed
INFO NioProcessor-2 org.apache.mina.filter.logging.LoggingFilter - RECEIVED: datatypes.protocolmessages.UserLoginResponse@6b6ea4ac
INFO NioProcessor-2 org.apache.mina.filter.logging.LoggingFilter - SENT: datatypes.protocolmessages.UserLoginRequest@5355c51c
INFO NioProcessor-2 org.apache.mina.filter.logging.LoggingFilter - RECEIVED: datatypes.protocolmessages.UserLoginResponse@c9e85bf
INFO NioProcessor-2 org.apache.mina.filter.logging.LoggingFilter - SENT: datatypes.protocolmessages.UserLoginRequest@77aaf4b8
INFO NioProcessor-2 org.apache.mina.filter.logging.LoggingFilter - RECEIVED: datatypes.protocolmessages.UserLoginResponse@619a3f3
INFO NioProcessor-2 org.apache.mina.filter.logging.LoggingFilter - SENT: datatypes.protocolmessages.UserLoginRequest@7574a57f
INFO NioProcessor-2 org.apache.mina.filter.logging.LoggingFilter - RECEIVED: datatypes.protocolmessages.UserLoginResponse@593e532c
INFO NioProcessor-2 org.apache.mina.filter.logging.LoggingFilter - SENT: datatypes.protocolmessages.UserLoginRequest@5cb1c9b2
INFO NioProcessor-2 org.apache.mina.filter.logging.LoggingFilter - RECEIVED: datatypes.protocolmessages.UserLoginResponse@537d992b
INFO NioProcessor-2 org.apache.mina.filter.logging.LoggingFilter - SENT: datatypes.protocolmessages.UserLoginRequest@21b19a1d
INFO NioProcessor-2 org.apache.mina.filter.logging.LoggingFilter - RECEIVED: datatypes.protocolmessages.UserLoginResponse@2bb64d86
INFO NioProcessor-2 org.apache.mina.filter.logging.LoggingFilter - SENT: datatypes.protocolmessages.UserLoginRequest@11ea5a7
INFO NioProcessor-2 org.apache.mina.filter.logging.LoggingFilter - RECEIVED: datatypes.protocolmessages.UserLoginResponse@607b6538
INFO NioProcessor-2 org.apache.mina.filter.logging.LoggingFilter - SENT: datatypes.protocolmessages.UserLoginRequest@5191b7a6
INFO NioProcessor-2 org.apache.mina.filter.logging.LoggingFilter - RECEIVED: datatypes.protocolmessages.UserLoginResponse@4bf7fd28
INFO NioProcessor-2 org.apache.mina.filter.logging.LoggingFilter - SENT: datatypes.protocolmessages.UserLoginRequest@3bf187f
INFO NioProcessor-2 org.apache.mina.filter.logging.LoggingFilter - RECEIVED: datatypes.protocolmessages.UserLoginResponse@747c81bc
INFO NioProcessor-2 org.apache.mina.filter.logging.LoggingFilter - SENT: datatypes.protocolmessages.UserLoginRequest@2e731b67
INFO NioProcessor-2 org.apache.mina.filter.logging.LoggingFilter - RECEIVED: datatypes.protocolmessages.UserLoginResponse@6dbf28c8
INFO NioProcessor-2 org.apache.mina.filter.logging.LoggingFilter - SENT: datatypes.protocolmessages.UserLoginRequest@5a34b093
INFO NioProcessor-2 org.apache.mina.filter.logging.LoggingFilter - RECEIVED: datatypes.protocolmessages.UserLoginResponse@5656d2e2
INFO NioProcessor-2 org.apache.mina.filter.logging.LoggingFilter - SENT: datatypes.protocolmessages.UserLoginRequest@6c410f4
INFO NioProcessor-2 org.apache.mina.filter.logging.LoggingFilter - RECEIVED: datatypes.protocolmessages.UserLoginResponse@22bc6bbd
INFO NioProcessor-2 org.apache.mina.filter.logging.LoggingFilter - SENT: datatypes.protocolmessages.UserLoginRequest@7dc39cb3
INFO NioProcessor-2 org.apache.mina.filter.logging.LoggingFilter - RECEIVED: datatypes.protocolmessages.UserLoginResponse@325d7f37
INFO NioProcessor-2 org.apache.mina.filter.logging.LoggingFilter - SENT: datatypes.protocolmessages.UserLoginRequest@4bdd084f
INFO NioProcessor-2 org.apache.mina.filter.logging.LoggingFilter - RECEIVED: datatypes.protocolmessages.UserLoginResponse@2630f8dc
INFO NioProcessor-2 org.apache.mina.filter.logging.LoggingFilter - SENT: datatypes.protocolmessages.UserLoginRequest@3492998f
INFO NioProcessor-2 org.apache.mina.filter.logging.LoggingFilter - RECEIVED: datatypes.protocolmessages.UserLoginResponse@4691ff3a
INFO NioProcessor-2 org.apache.mina.filter.logging.LoggingFilter - SENT: datatypes.protocolmessages.UserLoginRequest@12777c59
INFO NioProcessor-2 org.apache.mina.filter.logging.LoggingFilter - RECEIVED: datatypes.protocolmessages.UserLoginResponse@7b195d6
INFO NioProcessor-2 org.apache.mina.filter.logging.LoggingFilter - SENT: datatypes.protocolmessages.UserLoginRequest@73b05ca0
INFO NioProcessor-2 org.apache.mina.filter.logging.LoggingFilter - RECEIVED: datatypes.protocolmessages.UserLoginResponse@5e4ce6d0
INFO NioProcessor-2 org.apache.mina.filter.logging.LoggingFilter - SENT: datatypes.protocolmessages.UserLoginRequest@508cade9
INFO NioProcessor-2 org.apache.mina.filter.logging.LoggingFilter - RECEIVED: datatypes.protocolmessages.UserLoginResponse@7f1b13dd
INFO NioProcessor-2 org.apache.mina.filter.logging.LoggingFilter - SENT: datatypes.protocolmessages.UserLoginRequest@70f21896
INFO NioProcessor-2 org.apache.mina.filter.logging.LoggingFilter - RECEIVED: datatypes.protocolmessages.UserLoginResponse@36ba5b2b
INFO NioProcessor-2 org.apache.mina.filter.logging.LoggingFilter - SENT: datatypes.protocolmessages.UserLoginRequest@59ce3765
INFO NioProcessor-2 org.apache.mina.filter.logging.LoggingFilter - RECEIVED: datatypes.protocolmessages.UserLoginResponse@3dae770f
INFO NioProcessor-2 org.apache.mina.filter.logging.LoggingFilter - SENT: datatypes.protocolmessages.UserLoginRequest@28ea25a0
INFO NioProcessor-2 org.apache.mina.filter.logging.LoggingFilter - RECEIVED: datatypes.protocolmessages.UserLoginResponse@46d7c0c
INFO NioProcessor-2 org.apache.mina.filter.logging.LoggingFilter - SENT: datatypes.protocolmessages.UserLoginRequest@1d3c36b1
INFO NioProcessor-2 org.apache.mina.filter.logging.LoggingFilter - RECEIVED: datatypes.protocolmessages.UserLoginResponse@234f02a7
INFO NioProcessor-2 org.apache.mina.filter.logging.LoggingFilter - SENT: datatypes.protocolmessages.UserLoginRequest@7deabb28
INFO NioProcessor-2 org.apache.mina.filter.logging.LoggingFilter - RECEIVED: datatypes.protocolmessages.UserLoginResponse@474876e6
INFO NioProcessor-2 org.apache.mina.filter.logging.LoggingFilter - SENT: datatypes.protocolmessages.UserLoginRequest@5537deef
INFO NioProcessor-2 org.apache.mina.filter.logging.LoggingFilter - RECEIVED: datatypes.protocolmessages.UserLoginResponse@990770f
INFO NioProcessor-2 org.apache.mina.filter.logging.LoggingFilter - SENT: datatypes.protocolmessages.UserLoginRequest@2c0926cc
INFO NioProcessor-2 org.apache.mina.filter.logging.LoggingFilter - RECEIVED: datatypes.protocolmessages.UserLoginResponse@6672e72d
INFO NioProcessor-2 org.apache.mina.filter.logging.LoggingFilter - SENT: datatypes.protocolmessages.UserLoginRequest@50fc1442
INFO NioProcessor-2 org.apache.mina.filter.logging.LoggingFilter - RECEIVED: datatypes.protocolmessages.UserLoginResponse@3df38b7e
INFO NioProcessor-2 org.apache.mina.filter.logging.LoggingFilter - SENT: datatypes.protocolmessages.UserLoginRequest@78e7d68e
INFO NioProcessor-2 org.apache.mina.filter.logging.LoggingFilter - RECEIVED: datatypes.protocolmessages.UserLoginResponse@39882560
INFO NioProcessor-2 org.apache.mina.filter.logging.LoggingFilter - CREATED
INFO NioProcessor-2 org.apache.mina.filter.logging.LoggingFilter - OPENED
INFO NioProcessor-2 org.apache.mina.filter.logging.LoggingFilter - SENT: datatypes.protocolmessages.UserLoginRequest@1eb082a8
INFO NioProcessor-2 org.apache.mina.filter.logging.LoggingFilter - RECEIVED: datatypes.protocolmessages.UserLoginResponse@5adf6963
INFO NioProcessor-2 org.apache.mina.filter.logging.LoggingFilter - SENT: datatypes.protocolmessages.UserLoginRequest@f4ac6de
INFO NioProcessor-2 org.apache.mina.filter.logging.LoggingFilter - RECEIVED: datatypes.protocolmessages.UserLoginResponse@7a378606
INFO NioProcessor-2 org.apache.mina.filter.logging.LoggingFilter - SENT: datatypes.protocolmessages.UserLoginRequest@38631d8e
INFO NioProcessor-2 org.apache.mina.filter.logging.LoggingFilter - RECEIVED: datatypes.protocolmessages.UserLoginResponse@3528c86f
INFO NioProcessor-2 org.apache.mina.filter.logging.LoggingFilter - SENT: datatypes.protocolmessages.UserLoginRequest@62b33f23
INFO NioProcessor-2 org.apache.mina.filter.logging.LoggingFilter - RECEIVED: datatypes.protocolmessages.UserLoginResponse@58a22add
INFO NioProcessor-2 org.apache.mina.filter.logging.LoggingFilter - SENT: datatypes.protocolmessages.UserLoginRequest@30d545b7
INFO NioProcessor-2 org.apache.mina.filter.logging.LoggingFilter - RECEIVED: datatypes.protocolmessages.UserLoginResponse@7917c4db
INFO NioProcessor-2 org.apache.mina.filter.logging.LoggingFilter - SENT: datatypes.protocolmessages.UserLoginRequest@69f00945
INFO NioProcessor-2 org.apache.mina.filter.logging.LoggingFilter - RECEIVED: datatypes.protocolmessages.UserLoginResponse@3fd67a49
INFO NioProcessor-2 org.apache.mina.filter.logging.LoggingFilter - SENT: datatypes.protocolmessages.UserLoginRequest@495fe698
INFO NioProcessor-2 org.apache.mina.filter.logging.LoggingFilter - RECEIVED: datatypes.protocolmessages.UserLoginResponse@4c4eb66c
INFO NioProcessor-2 org.apache.mina.filter.logging.LoggingFilter - SENT: datatypes.protocolmessages.UserLoginRequest@32ee82b7
INFO NioProcessor-2 org.apache.mina.filter.logging.LoggingFilter - RECEIVED: datatypes.protocolmessages.UserLoginResponse@1591128a
INFO NioProcessor-2 org.apache.mina.filter.logging.LoggingFilter - SENT: datatypes.protocolmessages.UserLoginRequest@288c91a0
INFO NioProcessor-2 org.apache.mina.filter.logging.LoggingFilter - RECEIVED: datatypes.protocolmessages.UserLoginResponse@2bfb248
INFO NioProcessor-2 org.apache.mina.filter.logging.LoggingFilter - SENT: datatypes.protocolmessages.UserLoginRequest@41df0fd5
INFO NioProcessor-2 org.apache.mina.filter.logging.LoggingFilter - RECEIVED: datatypes.protocolmessages.UserLoginResponse@670f5e0b
INFO NioProcessor-2 org.apache.mina.filter.logging.LoggingFilter - CREATED
INFO NioProcessor-2 org.apache.mina.filter.logging.LoggingFilter - OPENED
INFO NioProcessor-2 org.apache.mina.filter.logging.LoggingFilter - SENT: datatypes.protocolmessages.CheckUserIdRequest@542aa2dd
INFO NioProcessor-2 org.apache.mina.filter.logging.LoggingFilter - SENT: datatypes.protocolmessages.CheckEmailRequest@3a07fb98
INFO NioProcessor-2 org.apache.mina.filter.logging.LoggingFilter - SENT: datatypes.protocolmessages.UserLoginRequest@21b19a1d
INFO NioProcessor-2 org.apache.mina.filter.logging.LoggingFilter - RECEIVED: datatypes.protocolmessages.CheckUserIdResponse@d06ce3f
INFO NioProcessor-2 org.apache.mina.filter.logging.LoggingFilter - RECEIVED: datatypes.protocolmessages.CheckEmailResponse@310edcbf
INFO NioProcessor-2 org.apache.mina.filter.logging.LoggingFilter - RECEIVED: datatypes.protocolmessages.UserLoginResponse@228cc070
INFO NioProcessor-2 org.apache.mina.filter.logging.LoggingFilter - SENT: datatypes.protocolmessages.UserLoginRequest@11ea5a7
INFO NioProcessor-2 org.apache.mina.filter.logging.LoggingFilter - RECEIVED: datatypes.protocolmessages.UserLoginResponse@10b84186
INFO NioProcessor-2 org.apache.mina.filter.logging.LoggingFilter - SENT: datatypes.protocolmessages.UserLoginRequest@5191b7a6
INFO NioProcessor-2 org.apache.mina.filter.logging.LoggingFilter - RECEIVED: datatypes.protocolmessages.UserLoginResponse@e64551
INFO NioProcessor-2 org.apache.mina.filter.logging.LoggingFilter - SENT: datatypes.protocolmessages.UserLoginRequest@3bf187f
INFO NioProcessor-2 org.apache.mina.filter.logging.LoggingFilter - RECEIVED: datatypes.protocolmessages.UserLoginResponse@474a8ad6
INFO NioProcessor-2 org.apache.mina.filter.logging.LoggingFilter - CREATED
INFO NioProcessor-2 org.apache.mina.filter.logging.LoggingFilter - OPENED
INFO NioProcessor-2 org.apache.mina.filter.logging.LoggingFilter - SENT: datatypes.protocolmessages.CheckUserIdRequest@71f5bbe6
INFO NioProcessor-2 org.apache.mina.filter.logging.LoggingFilter - SENT: datatypes.protocolmessages.CheckEmailRequest@3d48a961
INFO NioProcessor-2 org.apache.mina.filter.logging.LoggingFilter - SENT: datatypes.protocolmessages.UserLoginRequest@163704
INFO NioProcessor-2 org.apache.mina.filter.logging.LoggingFilter - RECEIVED: datatypes.protocolmessages.CheckUserIdResponse@1d525300
INFO NioProcessor-2 org.apache.mina.filter.logging.LoggingFilter - RECEIVED: datatypes.protocolmessages.CheckEmailResponse@151f5d1c
INFO NioProcessor-2 org.apache.mina.filter.logging.LoggingFilter - RECEIVED: datatypes.protocolmessages.UserLoginResponse@e182b5a
INFO NioProcessor-2 org.apache.mina.filter.logging.LoggingFilter - SENT: datatypes.protocolmessages.UserLoginRequest@2b7cf423
INFO NioProcessor-2 org.apache.mina.filter.logging.LoggingFilter - RECEIVED: datatypes.protocolmessages.UserLoginResponse@339e55c3
INFO NioProcessor-2 org.apache.mina.filter.logging.LoggingFilter - CREATED
INFO NioProcessor-2 org.apache.mina.filter.logging.LoggingFilter - OPENED
INFO NioProcessor-2 org.apache.mina.filter.logging.LoggingFilter - SENT: datatypes.protocolmessages.CheckUserIdRequest@542aa2dd
INFO NioProcessor-2 org.apache.mina.filter.logging.LoggingFilter - SENT: datatypes.protocolmessages.CheckEmailRequest@3a07fb98
INFO NioProcessor-2 org.apache.mina.filter.logging.LoggingFilter - RECEIVED: datatypes.protocolmessages.CheckUserIdResponse@6ace1fa3
INFO NioProcessor-2 org.apache.mina.filter.logging.LoggingFilter - RECEIVED: datatypes.protocolmessages.CheckEmailResponse@51033233
INFO NioProcessor-2 org.apache.mina.filter.logging.LoggingFilter - CREATED
INFO NioProcessor-2 org.apache.mina.filter.logging.LoggingFilter - OPENED
INFO NioProcessor-2 org.apache.mina.filter.logging.LoggingFilter - SENT: datatypes.protocolmessages.CheckUserIdRequest@71f5bbe6
INFO NioProcessor-2 org.apache.mina.filter.logging.LoggingFilter - SENT: datatypes.protocolmessages.CheckEmailRequest@1fcda8c2
INFO NioProcessor-2 org.apache.mina.filter.logging.LoggingFilter - RECEIVED: datatypes.protocolmessages.CheckUserIdResponse@3b714e69
INFO NioProcessor-2 org.apache.mina.filter.logging.LoggingFilter - RECEIVED: datatypes.protocolmessages.CheckEmailResponse@1aa8c26b
